<?xml version="1.0" encoding="UTF-8"?>
<coverage generated="1681932951314" clover="3.2.0">
  <project timestamp="1681932951314" name="All files">
    <metrics statements="175" coveredstatements="110" conditionals="62" coveredconditionals="32" methods="46" coveredmethods="30" elements="283" coveredelements="172" complexity="0" loc="175" ncloc="175" packages="9" files="16" classes="16"/>
    <package name="src">
      <metrics statements="1" coveredstatements="0" conditionals="0" coveredconditionals="0" methods="0" coveredmethods="0"/>
      <file name="index.ts" path="C:\Users\theoa\Documents\pissflix\src\index.ts">
        <metrics statements="1" coveredstatements="0" conditionals="0" coveredconditionals="0" methods="0" coveredmethods="0"/>
        <line num="1" count="0" type="stmt"/>
      </file>
    </package>
    <package name="src.modules.movies.entities">
      <metrics statements="17" coveredstatements="17" conditionals="0" coveredconditionals="0" methods="1" coveredmethods="1"/>
      <file name="movie.entity.ts" path="C:\Users\theoa\Documents\pissflix\src\modules\movies\entities\movie.entity.ts">
        <metrics statements="17" coveredstatements="17" conditionals="0" coveredconditionals="0" methods="1" coveredmethods="1"/>
        <line num="23" count="5" type="stmt"/>
        <line num="41" count="61" type="stmt"/>
        <line num="42" count="61" type="stmt"/>
        <line num="43" count="61" type="stmt"/>
        <line num="44" count="61" type="stmt"/>
        <line num="45" count="61" type="stmt"/>
        <line num="46" count="61" type="stmt"/>
        <line num="47" count="61" type="stmt"/>
        <line num="48" count="61" type="stmt"/>
        <line num="49" count="61" type="stmt"/>
        <line num="50" count="61" type="stmt"/>
        <line num="51" count="61" type="stmt"/>
        <line num="52" count="61" type="stmt"/>
        <line num="53" count="61" type="stmt"/>
        <line num="54" count="61" type="stmt"/>
        <line num="55" count="61" type="stmt"/>
        <line num="56" count="61" type="stmt"/>
      </file>
    </package>
    <package name="src.modules.movies.entities.subtypes">
      <metrics statements="25" coveredstatements="20" conditionals="7" coveredconditionals="3" methods="9" coveredmethods="6"/>
      <file name="country.class.ts" path="C:\Users\theoa\Documents\pissflix\src\modules\movies\entities\subtypes\country.class.ts">
        <metrics statements="7" coveredstatements="5" conditionals="2" coveredconditionals="1" methods="1" coveredmethods="1"/>
        <line num="1" count="5" type="stmt"/>
        <line num="3" count="5" type="stmt"/>
        <line num="7" count="1" type="cond" truecount="1" falsecount="1"/>
        <line num="8" count="1" type="stmt"/>
        <line num="9" count="1" type="stmt"/>
        <line num="11" count="0" type="stmt"/>
        <line num="12" count="0" type="stmt"/>
      </file>
      <file name="image.type.ts" path="C:\Users\theoa\Documents\pissflix\src\modules\movies\entities\subtypes\image.type.ts">
        <metrics statements="7" coveredstatements="4" conditionals="3" coveredconditionals="0" methods="4" coveredmethods="1"/>
        <line num="3" count="5" type="stmt"/>
        <line num="12" count="132" type="stmt"/>
        <line num="13" count="132" type="stmt"/>
        <line num="14" count="132" type="stmt"/>
        <line num="17" count="0" type="stmt"/>
        <line num="20" count="0" type="stmt"/>
        <line num="23" count="0" type="stmt"/>
      </file>
      <file name="index.ts" path="C:\Users\theoa\Documents\pissflix\src\modules\movies\entities\subtypes\index.ts">
        <metrics statements="4" coveredstatements="4" conditionals="0" coveredconditionals="0" methods="3" coveredmethods="3"/>
        <line num="1" count="5" type="stmt"/>
        <line num="3" count="5" type="stmt"/>
        <line num="4" count="5" type="stmt"/>
        <line num="7" count="98" type="stmt"/>
      </file>
      <file name="languages.type.ts" path="C:\Users\theoa\Documents\pissflix\src\modules\movies\entities\subtypes\languages.type.ts">
        <metrics statements="7" coveredstatements="7" conditionals="2" coveredconditionals="2" methods="1" coveredmethods="1"/>
        <line num="1" count="5" type="stmt"/>
        <line num="3" count="5" type="stmt"/>
        <line num="7" count="65" type="cond" truecount="2" falsecount="0"/>
        <line num="8" count="63" type="stmt"/>
        <line num="9" count="63" type="stmt"/>
        <line num="11" count="2" type="stmt"/>
        <line num="12" count="2" type="stmt"/>
      </file>
    </package>
    <package name="src.modules.movies.repos.tmdb">
      <metrics statements="2" coveredstatements="2" conditionals="0" coveredconditionals="0" methods="1" coveredmethods="1"/>
      <file name="index.ts" path="C:\Users\theoa\Documents\pissflix\src\modules\movies\repos\tmdb\index.ts">
        <metrics statements="2" coveredstatements="2" conditionals="0" coveredconditionals="0" methods="1" coveredmethods="1"/>
        <line num="1" count="5" type="stmt"/>
        <line num="3" count="10" type="stmt"/>
      </file>
    </package>
    <package name="src.modules.movies.repos.tmdb.subtypes">
      <metrics statements="65" coveredstatements="47" conditionals="48" coveredconditionals="25" methods="23" coveredmethods="14"/>
      <file name="tmdbImage.ts" path="C:\Users\theoa\Documents\pissflix\src\modules\movies\repos\tmdb\subtypes\tmdbImage.ts">
        <metrics statements="12" coveredstatements="6" conditionals="0" coveredconditionals="0" methods="8" coveredmethods="2"/>
        <line num="1" count="5" type="stmt"/>
        <line num="3" count="5" type="stmt"/>
        <line num="8" count="66" type="stmt"/>
        <line num="11" count="66" type="stmt"/>
        <line num="12" count="0" type="stmt"/>
        <line num="15" count="0" type="stmt"/>
        <line num="18" count="0" type="stmt"/>
        <line num="22" count="5" type="stmt"/>
        <line num="27" count="66" type="stmt"/>
        <line num="31" count="0" type="stmt"/>
        <line num="34" count="0" type="stmt"/>
        <line num="37" count="0" type="stmt"/>
      </file>
      <file name="tmdbRepo.ts" path="C:\Users\theoa\Documents\pissflix\src\modules\movies\repos\tmdb\subtypes\tmdbRepo.ts">
        <metrics statements="53" coveredstatements="41" conditionals="48" coveredconditionals="25" methods="15" coveredmethods="12"/>
        <line num="1" count="5" type="stmt"/>
        <line num="2" count="5" type="stmt"/>
        <line num="3" count="5" type="stmt"/>
        <line num="4" count="5" type="stmt"/>
        <line num="5" count="5" type="stmt"/>
        <line num="7" count="5" type="stmt"/>
        <line num="14" count="5" type="stmt"/>
        <line num="19" count="5" type="stmt"/>
        <line num="20" count="5" type="stmt"/>
        <line num="21" count="5" type="stmt"/>
        <line num="23" count="5" type="stmt"/>
        <line num="24" count="60" type="stmt"/>
        <line num="29" count="169" type="stmt"/>
        <line num="51" count="3" type="stmt"/>
        <line num="52" count="0" type="stmt"/>
        <line num="53" count="3" type="stmt"/>
        <line num="54" count="2" type="stmt"/>
        <line num="55" count="3" type="stmt"/>
        <line num="56" count="1" type="stmt"/>
        <line num="62" count="5" type="stmt"/>
        <line num="64" count="2" type="stmt"/>
        <line num="65" count="2" type="stmt"/>
        <line num="66" count="1" type="cond" truecount="1" falsecount="1"/>
        <line num="67" count="1" type="stmt"/>
        <line num="68" count="1" type="stmt"/>
        <line num="93" count="3" type="stmt"/>
        <line num="99" count="1" type="stmt"/>
        <line num="106" count="1" type="stmt"/>
        <line num="111" count="0" type="cond" truecount="0" falsecount="2"/>
        <line num="116" count="1" type="stmt"/>
        <line num="123" count="2" type="stmt"/>
        <line num="124" count="2" type="stmt"/>
        <line num="135" count="2" type="cond" truecount="4" falsecount="0"/>
        <line num="137" count="1" type="stmt"/>
        <line num="138" count="1" type="stmt"/>
        <line num="144" count="1" type="cond" truecount="3" falsecount="1"/>
        <line num="154" count="0" type="stmt"/>
        <line num="158" count="0" type="stmt"/>
        <line num="159" count="0" type="stmt"/>
        <line num="163" count="0" type="stmt"/>
        <line num="167" count="0" type="cond" truecount="0" falsecount="4"/>
        <line num="168" count="0" type="stmt"/>
        <line num="169" count="0" type="stmt"/>
        <line num="175" count="0" type="cond" truecount="0" falsecount="4"/>
        <line num="181" count="0" type="stmt"/>
        <line num="188" count="3" type="stmt"/>
        <line num="189" count="3" type="stmt"/>
        <line num="193" count="2" type="stmt"/>
        <line num="197" count="3" type="cond" truecount="4" falsecount="0"/>
        <line num="198" count="2" type="stmt"/>
        <line num="199" count="2" type="stmt"/>
        <line num="205" count="1" type="cond" truecount="3" falsecount="1"/>
        <line num="213" count="0" type="stmt"/>
      </file>
    </package>
    <package name="src.modules.movies.useCases">
      <metrics statements="10" coveredstatements="10" conditionals="0" coveredconditionals="0" methods="5" coveredmethods="5"/>
      <file name="getMovieById.ts" path="C:\Users\theoa\Documents\pissflix\src\modules\movies\useCases\getMovieById.ts">
        <metrics statements="2" coveredstatements="2" conditionals="0" coveredconditionals="0" methods="1" coveredmethods="1"/>
        <line num="6" count="1" type="stmt"/>
        <line num="13" count="2" type="stmt"/>
      </file>
      <file name="getMoviesByDecade.ts" path="C:\Users\theoa\Documents\pissflix\src\modules\movies\useCases\getMoviesByDecade.ts">
        <metrics statements="2" coveredstatements="2" conditionals="0" coveredconditionals="0" methods="1" coveredmethods="1"/>
        <line num="6" count="1" type="stmt"/>
        <line num="13" count="1" type="stmt"/>
      </file>
      <file name="getMoviesByGenre.ts" path="C:\Users\theoa\Documents\pissflix\src\modules\movies\useCases\getMoviesByGenre.ts">
        <metrics statements="2" coveredstatements="2" conditionals="0" coveredconditionals="0" methods="1" coveredmethods="1"/>
        <line num="6" count="1" type="stmt"/>
        <line num="13" count="2" type="stmt"/>
      </file>
      <file name="getMoviesByRegion.ts" path="C:\Users\theoa\Documents\pissflix\src\modules\movies\useCases\getMoviesByRegion.ts">
        <metrics statements="4" coveredstatements="4" conditionals="0" coveredconditionals="0" methods="2" coveredmethods="2"/>
        <line num="4" count="1" type="stmt"/>
        <line num="7" count="1" type="stmt"/>
        <line num="14" count="1" type="stmt"/>
        <line num="16" count="1" type="stmt"/>
      </file>
    </package>
    <package name="src.shared.Objects">
      <metrics statements="17" coveredstatements="11" conditionals="7" coveredconditionals="4" methods="5" coveredmethods="3"/>
      <file name="result.ts" path="C:\Users\theoa\Documents\pissflix\src\shared\Objects\result.ts">
        <metrics statements="17" coveredstatements="11" conditionals="7" coveredconditionals="4" methods="5" coveredmethods="3"/>
        <line num="1" count="5" type="stmt"/>
        <line num="8" count="13" type="cond" truecount="2" falsecount="1"/>
        <line num="9" count="0" type="stmt"/>
        <line num="13" count="13" type="cond" truecount="2" falsecount="1"/>
        <line num="14" count="0" type="stmt"/>
        <line num="19" count="13" type="stmt"/>
        <line num="20" count="13" type="stmt"/>
        <line num="21" count="13" type="stmt"/>
        <line num="22" count="13" type="stmt"/>
        <line num="24" count="13" type="stmt"/>
        <line num="28" count="30" type="cond" truecount="0" falsecount="1"/>
        <line num="29" count="0" type="stmt"/>
        <line num="30" count="0" type="stmt"/>
        <line num="35" count="30" type="stmt"/>
        <line num="39" count="5" type="stmt"/>
        <line num="43" count="0" type="stmt"/>
        <line num="47" count="0" type="stmt"/>
      </file>
    </package>
    <package name="src.shared.config">
      <metrics statements="3" coveredstatements="3" conditionals="0" coveredconditionals="0" methods="0" coveredmethods="0"/>
      <file name="tmdb.config.ts" path="C:\Users\theoa\Documents\pissflix\src\shared\config\tmdb.config.ts">
        <metrics statements="3" coveredstatements="3" conditionals="0" coveredconditionals="0" methods="0" coveredmethods="0"/>
        <line num="1" count="5" type="stmt"/>
        <line num="2" count="5" type="stmt"/>
        <line num="4" count="5" type="stmt"/>
      </file>
    </package>
    <package name="src.shared.ui.msxUIComponents">
      <metrics statements="35" coveredstatements="0" conditionals="0" coveredconditionals="0" methods="2" coveredmethods="0"/>
      <file name="menuObject.ts" path="C:\Users\theoa\Documents\pissflix\src\shared\ui\msxUIComponents\menuObject.ts">
        <metrics statements="35" coveredstatements="0" conditionals="0" coveredconditionals="0" methods="2" coveredmethods="0"/>
        <line num="62" count="0" type="stmt"/>
        <line num="81" count="0" type="stmt"/>
        <line num="82" count="0" type="stmt"/>
        <line num="83" count="0" type="stmt"/>
        <line num="84" count="0" type="stmt"/>
        <line num="85" count="0" type="stmt"/>
        <line num="86" count="0" type="stmt"/>
        <line num="87" count="0" type="stmt"/>
        <line num="88" count="0" type="stmt"/>
        <line num="89" count="0" type="stmt"/>
        <line num="90" count="0" type="stmt"/>
        <line num="91" count="0" type="stmt"/>
        <line num="92" count="0" type="stmt"/>
        <line num="93" count="0" type="stmt"/>
        <line num="94" count="0" type="stmt"/>
        <line num="95" count="0" type="stmt"/>
        <line num="96" count="0" type="stmt"/>
        <line num="97" count="0" type="stmt"/>
        <line num="101" count="0" type="stmt"/>
        <line num="119" count="0" type="stmt"/>
        <line num="120" count="0" type="stmt"/>
        <line num="121" count="0" type="stmt"/>
        <line num="122" count="0" type="stmt"/>
        <line num="123" count="0" type="stmt"/>
        <line num="124" count="0" type="stmt"/>
        <line num="125" count="0" type="stmt"/>
        <line num="126" count="0" type="stmt"/>
        <line num="127" count="0" type="stmt"/>
        <line num="128" count="0" type="stmt"/>
        <line num="129" count="0" type="stmt"/>
        <line num="130" count="0" type="stmt"/>
        <line num="131" count="0" type="stmt"/>
        <line num="132" count="0" type="stmt"/>
        <line num="133" count="0" type="stmt"/>
        <line num="134" count="0" type="stmt"/>
      </file>
    </package>
  </project>
</coverage>
