{"C:\\Users\\theoa\\Documents\\pissflix\\src\\index.ts": {"path":"C:\\Users\\theoa\\Documents\\pissflix\\src\\index.ts","statementMap":{"0":{"start":{"line":1,"column":0},"end":{"line":1,"column":null}}},"fnMap":{},"branchMap":{},"s":{"0":0},"f":{},"b":{}}
,"C:\\Users\\theoa\\Documents\\pissflix\\src\\core\\config\\tmdb.config.ts": {"path":"C:\\Users\\theoa\\Documents\\pissflix\\src\\core\\config\\tmdb.config.ts","statementMap":{"0":{"start":{"line":1,"column":0},"end":{"line":1,"column":32}},"1":{"start":{"line":2,"column":0},"end":{"line":2,"column":null}},"2":{"start":{"line":4,"column":0},"end":{"line":6,"column":null}}},"fnMap":{},"branchMap":{},"s":{"0":5,"1":5,"2":5},"f":{},"b":{}}
,"C:\\Users\\theoa\\Documents\\pissflix\\src\\core\\sharedObjects\\result.ts": {"path":"C:\\Users\\theoa\\Documents\\pissflix\\src\\core\\sharedObjects\\result.ts","statementMap":{"0":{"start":{"line":8,"column":8},"end":{"line":12,"column":null}},"1":{"start":{"line":9,"column":12},"end":{"line":11,"column":null}},"2":{"start":{"line":13,"column":8},"end":{"line":17,"column":null}},"3":{"start":{"line":14,"column":12},"end":{"line":16,"column":null}},"4":{"start":{"line":19,"column":8},"end":{"line":19,"column":null}},"5":{"start":{"line":20,"column":8},"end":{"line":20,"column":null}},"6":{"start":{"line":21,"column":8},"end":{"line":21,"column":null}},"7":{"start":{"line":22,"column":8},"end":{"line":22,"column":null}},"8":{"start":{"line":24,"column":8},"end":{"line":24,"column":null}},"9":{"start":{"line":28,"column":8},"end":{"line":33,"column":null}},"10":{"start":{"line":29,"column":12},"end":{"line":29,"column":null}},"11":{"start":{"line":30,"column":12},"end":{"line":32,"column":null}},"12":{"start":{"line":35,"column":8},"end":{"line":35,"column":null}},"13":{"start":{"line":39,"column":8},"end":{"line":39,"column":null}},"14":{"start":{"line":43,"column":8},"end":{"line":43,"column":null}},"15":{"start":{"line":47,"column":8},"end":{"line":47,"column":null}},"16":{"start":{"line":1,"column":0},"end":{"line":1,"column":13}}},"fnMap":{"0":{"name":"(anonymous_0)","decl":{"start":{"line":7,"column":4},"end":{"line":7,"column":23}},"loc":{"start":{"line":7,"column":68},"end":{"line":25,"column":5}}},"1":{"name":"(anonymous_1)","decl":{"start":{"line":27,"column":11},"end":{"line":27,"column":19}},"loc":{"start":{"line":27,"column":19},"end":{"line":36,"column":5}}},"2":{"name":"(anonymous_2)","decl":{"start":{"line":38,"column":11},"end":{"line":38,"column":21}},"loc":{"start":{"line":38,"column":21},"end":{"line":40,"column":5}}},"3":{"name":"(anonymous_3)","decl":{"start":{"line":42,"column":11},"end":{"line":42,"column":17}},"loc":{"start":{"line":42,"column":33},"end":{"line":44,"column":5}}},"4":{"name":"(anonymous_4)","decl":{"start":{"line":46,"column":11},"end":{"line":46,"column":17}},"loc":{"start":{"line":46,"column":39},"end":{"line":48,"column":5}}}},"branchMap":{"0":{"loc":{"start":{"line":8,"column":8},"end":{"line":12,"column":null}},"type":"if","locations":[{"start":{"line":8,"column":8},"end":{"line":12,"column":null}}]},"1":{"loc":{"start":{"line":8,"column":12},"end":{"line":8,"column":30}},"type":"binary-expr","locations":[{"start":{"line":8,"column":12},"end":{"line":8,"column":21}},{"start":{"line":8,"column":25},"end":{"line":8,"column":30}}]},"2":{"loc":{"start":{"line":13,"column":8},"end":{"line":17,"column":null}},"type":"if","locations":[{"start":{"line":13,"column":8},"end":{"line":17,"column":null}}]},"3":{"loc":{"start":{"line":13,"column":12},"end":{"line":13,"column":32}},"type":"binary-expr","locations":[{"start":{"line":13,"column":12},"end":{"line":13,"column":22}},{"start":{"line":13,"column":26},"end":{"line":13,"column":32}}]},"4":{"loc":{"start":{"line":28,"column":8},"end":{"line":33,"column":null}},"type":"if","locations":[{"start":{"line":28,"column":8},"end":{"line":33,"column":null}}]}},"s":{"0":15,"1":0,"2":15,"3":0,"4":15,"5":15,"6":15,"7":15,"8":15,"9":32,"10":0,"11":0,"12":32,"13":6,"14":0,"15":0,"16":5},"f":{"0":15,"1":32,"2":6,"3":0,"4":0},"b":{"0":[0],"1":[15,9],"2":[0],"3":[15,6],"4":[0]}}
,"C:\\Users\\theoa\\Documents\\pissflix\\src\\data\\movies\\repos\\tmdb\\index.ts": {"path":"C:\\Users\\theoa\\Documents\\pissflix\\src\\data\\movies\\repos\\tmdb\\index.ts","statementMap":{"0":{"start":{"line":1,"column":0},"end":{"line":1,"column":9}},"1":{"start":{"line":3,"column":9},"end":{"line":1,"column":46}}},"fnMap":{"0":{"name":"(anonymous_0)","decl":{"start":{"line":3,"column":9},"end":{"line":3,"column":17}},"loc":{"start":{"line":3,"column":9},"end":{"line":1,"column":46}}}},"branchMap":{},"s":{"0":5,"1":10},"f":{"0":5},"b":{}}
,"C:\\Users\\theoa\\Documents\\pissflix\\src\\data\\movies\\repos\\tmdb\\subtypes\\tmdbImage.ts": {"path":"C:\\Users\\theoa\\Documents\\pissflix\\src\\data\\movies\\repos\\tmdb\\subtypes\\tmdbImage.ts","statementMap":{"0":{"start":{"line":1,"column":0},"end":{"line":1,"column":78}},"1":{"start":{"line":8,"column":8},"end":{"line":8,"column":null}},"2":{"start":{"line":11,"column":4},"end":{"line":13,"column":null}},"3":{"start":{"line":12,"column":8},"end":{"line":12,"column":null}},"4":{"start":{"line":15,"column":8},"end":{"line":15,"column":null}},"5":{"start":{"line":18,"column":8},"end":{"line":18,"column":null}},"6":{"start":{"line":3,"column":0},"end":{"line":3,"column":13}},"7":{"start":{"line":27,"column":8},"end":{"line":27,"column":null}},"8":{"start":{"line":31,"column":8},"end":{"line":31,"column":null}},"9":{"start":{"line":34,"column":8},"end":{"line":34,"column":null}},"10":{"start":{"line":37,"column":8},"end":{"line":37,"column":null}},"11":{"start":{"line":22,"column":0},"end":{"line":22,"column":13}}},"fnMap":{"0":{"name":"(anonymous_0)","decl":{"start":{"line":7,"column":4},"end":{"line":7,"column":16}},"loc":{"start":{"line":7,"column":32},"end":{"line":9,"column":5}}},"1":{"name":"(anonymous_1)","decl":{"start":{"line":11,"column":38},"end":{"line":11,"column":41}},"loc":{"start":{"line":11,"column":43},"end":{"line":13,"column":5}}},"2":{"name":"(anonymous_2)","decl":{"start":{"line":14,"column":4},"end":{"line":14,"column":21}},"loc":{"start":{"line":14,"column":21},"end":{"line":16,"column":5}}},"3":{"name":"(anonymous_3)","decl":{"start":{"line":17,"column":4},"end":{"line":17,"column":19}},"loc":{"start":{"line":17,"column":19},"end":{"line":19,"column":5}}},"4":{"name":"(anonymous_4)","decl":{"start":{"line":26,"column":4},"end":{"line":26,"column":16}},"loc":{"start":{"line":26,"column":32},"end":{"line":28,"column":5}}},"5":{"name":"(anonymous_5)","decl":{"start":{"line":30,"column":4},"end":{"line":30,"column":21}},"loc":{"start":{"line":30,"column":21},"end":{"line":32,"column":5}}},"6":{"name":"(anonymous_6)","decl":{"start":{"line":33,"column":4},"end":{"line":33,"column":21}},"loc":{"start":{"line":33,"column":21},"end":{"line":35,"column":5}}},"7":{"name":"(anonymous_7)","decl":{"start":{"line":36,"column":4},"end":{"line":36,"column":19}},"loc":{"start":{"line":36,"column":19},"end":{"line":38,"column":5}}}},"branchMap":{},"s":{"0":5,"1":85,"2":85,"3":0,"4":0,"5":0,"6":5,"7":86,"8":0,"9":0,"10":0,"11":5},"f":{"0":85,"1":0,"2":0,"3":0,"4":86,"5":0,"6":0,"7":0},"b":{}}
,"C:\\Users\\theoa\\Documents\\pissflix\\src\\data\\movies\\repos\\tmdb\\subtypes\\tmdbRepo.ts": {"path":"C:\\Users\\theoa\\Documents\\pissflix\\src\\data\\movies\\repos\\tmdb\\subtypes\\tmdbRepo.ts","statementMap":{"0":{"start":{"line":1,"column":0},"end":{"line":1,"column":25}},"1":{"start":{"line":2,"column":0},"end":{"line":2,"column":null}},"2":{"start":{"line":8,"column":0},"end":{"line":8,"column":66}},"3":{"start":{"line":14,"column":0},"end":{"line":14,"column":63}},"4":{"start":{"line":15,"column":0},"end":{"line":15,"column":65}},"5":{"start":{"line":16,"column":0},"end":{"line":16,"column":74}},"6":{"start":{"line":18,"column":12},"end":{"line":22,"column":2}},"7":{"start":{"line":23,"column":16},"end":{"line":23,"column":47}},"8":{"start":{"line":24,"column":26},"end":{"line":24,"column":53}},"9":{"start":{"line":25,"column":22},"end":{"line":25,"column":45}},"10":{"start":{"line":27,"column":27},"end":{"line":52,"column":6}},"11":{"start":{"line":28,"column":4},"end":{"line":52,"column":6}},"12":{"start":{"line":33,"column":49},"end":{"line":36,"column":10}},"13":{"start":{"line":55,"column":4},"end":{"line":56,"column":null}},"14":{"start":{"line":56,"column":8},"end":{"line":56,"column":61}},"15":{"start":{"line":57,"column":4},"end":{"line":58,"column":null}},"16":{"start":{"line":58,"column":8},"end":{"line":58,"column":72}},"17":{"start":{"line":59,"column":4},"end":{"line":63,"column":null}},"18":{"start":{"line":60,"column":8},"end":{"line":62,"column":null}},"19":{"start":{"line":68,"column":8},"end":{"line":121,"column":null}},"20":{"start":{"line":69,"column":29},"end":{"line":69,"column":67}},"21":{"start":{"line":70,"column":12},"end":{"line":118,"column":null}},"22":{"start":{"line":71,"column":54},"end":{"line":71,"column":67}},"23":{"start":{"line":72,"column":16},"end":{"line":113,"column":null}},"24":{"start":{"line":97,"column":60},"end":{"line":100,"column":26}},"25":{"start":{"line":103,"column":32},"end":{"line":105,"column":null}},"26":{"start":{"line":110,"column":32},"end":{"line":110,"column":73}},"27":{"start":{"line":115,"column":16},"end":{"line":117,"column":null}},"28":{"start":{"line":120,"column":12},"end":{"line":120,"column":null}},"29":{"start":{"line":127,"column":8},"end":{"line":159,"column":null}},"30":{"start":{"line":128,"column":29},"end":{"line":138,"column":null}},"31":{"start":{"line":139,"column":12},"end":{"line":156,"column":null}},"32":{"start":{"line":141,"column":62},"end":{"line":141,"column":75}},"33":{"start":{"line":142,"column":16},"end":{"line":146,"column":null}},"34":{"start":{"line":148,"column":16},"end":{"line":155,"column":null}},"35":{"start":{"line":158,"column":12},"end":{"line":158,"column":null}},"36":{"start":{"line":162,"column":8},"end":{"line":186,"column":null}},"37":{"start":{"line":163,"column":29},"end":{"line":169,"column":null}},"38":{"start":{"line":167,"column":47},"end":{"line":167,"column":57}},"39":{"start":{"line":171,"column":12},"end":{"line":183,"column":null}},"40":{"start":{"line":172,"column":62},"end":{"line":172,"column":75}},"41":{"start":{"line":173,"column":16},"end":{"line":177,"column":null}},"42":{"start":{"line":179,"column":16},"end":{"line":182,"column":null}},"43":{"start":{"line":185,"column":12},"end":{"line":185,"column":null}},"44":{"start":{"line":192,"column":8},"end":{"line":218,"column":null}},"45":{"start":{"line":193,"column":29},"end":{"line":199,"column":null}},"46":{"start":{"line":197,"column":53},"end":{"line":197,"column":65}},"47":{"start":{"line":201,"column":12},"end":{"line":215,"column":null}},"48":{"start":{"line":202,"column":62},"end":{"line":202,"column":75}},"49":{"start":{"line":203,"column":16},"end":{"line":207,"column":null}},"50":{"start":{"line":209,"column":16},"end":{"line":214,"column":null}},"51":{"start":{"line":217,"column":12},"end":{"line":217,"column":null}},"52":{"start":{"line":66,"column":0},"end":{"line":66,"column":13}}},"fnMap":{"0":{"name":"(anonymous_8)","decl":{"start":{"line":27,"column":27},"end":{"line":27,"column":28}},"loc":{"start":{"line":28,"column":4},"end":{"line":52,"column":6}}},"1":{"name":"(anonymous_9)","decl":{"start":{"line":33,"column":37},"end":{"line":33,"column":38}},"loc":{"start":{"line":33,"column":49},"end":{"line":36,"column":10}}},"2":{"name":"(anonymous_10)","decl":{"start":{"line":54,"column":0},"end":{"line":54,"column":6}},"loc":{"start":{"line":54,"column":0},"end":{"line":64,"column":1}}},"3":{"name":"(anonymous_11)","decl":{"start":{"line":55,"column":25},"end":{"line":55,"column":39}},"loc":{"start":{"line":56,"column":8},"end":{"line":56,"column":61}}},"4":{"name":"(anonymous_12)","decl":{"start":{"line":57,"column":16},"end":{"line":57,"column":17}},"loc":{"start":{"line":58,"column":8},"end":{"line":58,"column":72}}},"5":{"name":"(anonymous_13)","decl":{"start":{"line":59,"column":20},"end":{"line":59,"column":34}},"loc":{"start":{"line":60,"column":8},"end":{"line":62,"column":null}}},"6":{"name":"(anonymous_14)","decl":{"start":{"line":67,"column":10},"end":{"line":67,"column":22}},"loc":{"start":{"line":67,"column":33},"end":{"line":122,"column":null}}},"7":{"name":"(anonymous_16)","decl":{"start":{"line":97,"column":48},"end":{"line":97,"column":49}},"loc":{"start":{"line":97,"column":60},"end":{"line":100,"column":26}}},"8":{"name":"(anonymous_17)","decl":{"start":{"line":102,"column":28},"end":{"line":102,"column":29}},"loc":{"start":{"line":103,"column":32},"end":{"line":105,"column":null}}},"9":{"name":"(anonymous_18)","decl":{"start":{"line":109,"column":28},"end":{"line":109,"column":29}},"loc":{"start":{"line":110,"column":32},"end":{"line":110,"column":73}}},"10":{"name":"(anonymous_19)","decl":{"start":{"line":123,"column":10},"end":{"line":123,"column":33}},"loc":{"start":{"line":125,"column":21},"end":{"line":160,"column":null}}},"11":{"name":"(anonymous_21)","decl":{"start":{"line":161,"column":10},"end":{"line":161,"column":26}},"loc":{"start":{"line":161,"column":49},"end":{"line":187,"column":null}}},"12":{"name":"(anonymous_23)","decl":{"start":{"line":167,"column":40},"end":{"line":167,"column":41}},"loc":{"start":{"line":167,"column":47},"end":{"line":167,"column":57}}},"13":{"name":"(anonymous_24)","decl":{"start":{"line":189,"column":10},"end":{"line":189,"column":29}},"loc":{"start":{"line":190,"column":39},"end":{"line":219,"column":null}}},"14":{"name":"(anonymous_26)","decl":{"start":{"line":197,"column":43},"end":{"line":197,"column":44}},"loc":{"start":{"line":197,"column":53},"end":{"line":197,"column":65}}}},"branchMap":{"0":{"loc":{"start":{"line":30,"column":20},"end":{"line":32,"column":31}},"type":"cond-expr","locations":[{"start":{"line":31,"column":14},"end":{"line":31,"column":59}},{"start":{"line":32,"column":14},"end":{"line":32,"column":31}}]},"1":{"loc":{"start":{"line":43,"column":16},"end":{"line":45,"column":27}},"type":"cond-expr","locations":[{"start":{"line":44,"column":14},"end":{"line":44,"column":53}},{"start":{"line":45,"column":14},"end":{"line":45,"column":27}}]},"2":{"loc":{"start":{"line":70,"column":12},"end":{"line":118,"column":null}},"type":"if","locations":[{"start":{"line":70,"column":12},"end":{"line":118,"column":null}},{"start":{"line":114,"column":19},"end":{"line":118,"column":null}}]},"3":{"loc":{"start":{"line":77,"column":36},"end":{"line":81,"column":47}},"type":"cond-expr","locations":[{"start":{"line":78,"column":30},"end":{"line":79,"column":null}},{"start":{"line":81,"column":30},"end":{"line":81,"column":47}}]},"4":{"loc":{"start":{"line":83,"column":34},"end":{"line":83,"column":68}},"type":"cond-expr","locations":[{"start":{"line":83,"column":50},"end":{"line":83,"column":63}},{"start":{"line":83,"column":66},"end":{"line":83,"column":68}}]},"5":{"loc":{"start":{"line":85,"column":32},"end":{"line":87,"column":43}},"type":"cond-expr","locations":[{"start":{"line":86,"column":30},"end":{"line":86,"column":77}},{"start":{"line":87,"column":30},"end":{"line":87,"column":43}}]},"6":{"loc":{"start":{"line":89,"column":33},"end":{"line":89,"column":64}},"type":"cond-expr","locations":[{"start":{"line":89,"column":48},"end":{"line":89,"column":60}},{"start":{"line":89,"column":63},"end":{"line":89,"column":64}}]},"7":{"loc":{"start":{"line":91,"column":32},"end":{"line":91,"column":52}},"type":"binary-expr","locations":[{"start":{"line":91,"column":32},"end":{"line":91,"column":44}},{"start":{"line":91,"column":48},"end":{"line":91,"column":52}}]},"8":{"loc":{"start":{"line":94,"column":31},"end":{"line":96,"column":45}},"type":"cond-expr","locations":[{"start":{"line":95,"column":30},"end":{"line":95,"column":49}},{"start":{"line":96,"column":30},"end":{"line":96,"column":45}}]},"9":{"loc":{"start":{"line":115,"column":23},"end":{"line":117,"column":67}},"type":"cond-expr","locations":[{"start":{"line":116,"column":22},"end":{"line":116,"column":69}},{"start":{"line":117,"column":22},"end":{"line":117,"column":67}}]},"10":{"loc":{"start":{"line":139,"column":12},"end":{"line":156,"column":null}},"type":"if","locations":[{"start":{"line":139,"column":12},"end":{"line":156,"column":null}},{"start":{"line":147,"column":19},"end":{"line":156,"column":null}}]},"11":{"loc":{"start":{"line":139,"column":16},"end":{"line":139,"column":74}},"type":"binary-expr","locations":[{"start":{"line":139,"column":16},"end":{"line":139,"column":38}},{"start":{"line":139,"column":42},"end":{"line":139,"column":74}}]},"12":{"loc":{"start":{"line":148,"column":23},"end":{"line":155,"column":69}},"type":"cond-expr","locations":[{"start":{"line":150,"column":22},"end":{"line":153,"column":null}},{"start":{"line":155,"column":22},"end":{"line":155,"column":69}}]},"13":{"loc":{"start":{"line":148,"column":23},"end":{"line":149,"column":53}},"type":"binary-expr","locations":[{"start":{"line":148,"column":23},"end":{"line":148,"column":45}},{"start":{"line":149,"column":20},"end":{"line":149,"column":53}}]},"14":{"loc":{"start":{"line":166,"column":24},"end":{"line":168,"column":null}},"type":"cond-expr","locations":[{"start":{"line":167,"column":30},"end":{"line":167,"column":68}},{"start":{"line":168,"column":30},"end":{"line":168,"column":null}}]},"15":{"loc":{"start":{"line":171,"column":12},"end":{"line":183,"column":null}},"type":"if","locations":[{"start":{"line":171,"column":12},"end":{"line":183,"column":null}},{"start":{"line":178,"column":19},"end":{"line":183,"column":null}}]},"16":{"loc":{"start":{"line":171,"column":16},"end":{"line":171,"column":74}},"type":"binary-expr","locations":[{"start":{"line":171,"column":16},"end":{"line":171,"column":38}},{"start":{"line":171,"column":42},"end":{"line":171,"column":74}}]},"17":{"loc":{"start":{"line":179,"column":23},"end":{"line":182,"column":69}},"type":"cond-expr","locations":[{"start":{"line":181,"column":22},"end":{"line":181,"column":78}},{"start":{"line":182,"column":22},"end":{"line":182,"column":69}}]},"18":{"loc":{"start":{"line":179,"column":23},"end":{"line":180,"column":53}},"type":"binary-expr","locations":[{"start":{"line":179,"column":23},"end":{"line":179,"column":45}},{"start":{"line":180,"column":20},"end":{"line":180,"column":53}}]},"19":{"loc":{"start":{"line":196,"column":24},"end":{"line":198,"column":null}},"type":"cond-expr","locations":[{"start":{"line":197,"column":30},"end":{"line":197,"column":76}},{"start":{"line":198,"column":30},"end":{"line":198,"column":null}}]},"20":{"loc":{"start":{"line":201,"column":12},"end":{"line":215,"column":null}},"type":"if","locations":[{"start":{"line":201,"column":12},"end":{"line":215,"column":null}},{"start":{"line":208,"column":19},"end":{"line":215,"column":null}}]},"21":{"loc":{"start":{"line":201,"column":16},"end":{"line":201,"column":74}},"type":"binary-expr","locations":[{"start":{"line":201,"column":16},"end":{"line":201,"column":38}},{"start":{"line":201,"column":42},"end":{"line":201,"column":74}}]},"22":{"loc":{"start":{"line":209,"column":23},"end":{"line":214,"column":69}},"type":"cond-expr","locations":[{"start":{"line":211,"column":22},"end":{"line":212,"column":null}},{"start":{"line":214,"column":22},"end":{"line":214,"column":69}}]},"23":{"loc":{"start":{"line":209,"column":23},"end":{"line":210,"column":53}},"type":"binary-expr","locations":[{"start":{"line":209,"column":23},"end":{"line":209,"column":45}},{"start":{"line":210,"column":20},"end":{"line":210,"column":53}}]}},"s":{"0":5,"1":5,"2":5,"3":5,"4":5,"5":5,"6":5,"7":5,"8":5,"9":5,"10":5,"11":80,"12":233,"13":4,"14":0,"15":4,"16":3,"17":4,"18":1,"19":2,"20":2,"21":1,"22":1,"23":1,"24":3,"25":1,"26":1,"27":0,"28":1,"29":2,"30":2,"31":2,"32":1,"33":1,"34":1,"35":0,"36":2,"37":2,"38":0,"39":2,"40":1,"41":1,"42":1,"43":0,"44":3,"45":3,"46":2,"47":3,"48":2,"49":2,"50":1,"51":0,"52":5},"f":{"0":80,"1":233,"2":4,"3":0,"4":3,"5":1,"6":2,"7":3,"8":1,"9":1,"10":2,"11":2,"12":0,"13":3,"14":2},"b":{"0":[79,1],"1":[80,0],"2":[1,0],"3":[1,0],"4":[1,0],"5":[1,0],"6":[1,0],"7":[1,0],"8":[1,0],"9":[0,0],"10":[1,1],"11":[2,2],"12":[1,0],"13":[1,1],"14":[0,2],"15":[1,1],"16":[2,2],"17":[1,0],"18":[1,1],"19":[1,2],"20":[2,1],"21":[3,3],"22":[1,0],"23":[1,1]}}
,"C:\\Users\\theoa\\Documents\\pissflix\\src\\domain\\movies\\entities\\movie.entity.ts": {"path":"C:\\Users\\theoa\\Documents\\pissflix\\src\\domain\\movies\\entities\\movie.entity.ts","statementMap":{"0":{"start":{"line":41,"column":8},"end":{"line":41,"column":null}},"1":{"start":{"line":42,"column":8},"end":{"line":42,"column":null}},"2":{"start":{"line":43,"column":8},"end":{"line":43,"column":null}},"3":{"start":{"line":44,"column":8},"end":{"line":44,"column":null}},"4":{"start":{"line":45,"column":8},"end":{"line":45,"column":null}},"5":{"start":{"line":46,"column":8},"end":{"line":46,"column":null}},"6":{"start":{"line":47,"column":8},"end":{"line":47,"column":null}},"7":{"start":{"line":48,"column":8},"end":{"line":48,"column":null}},"8":{"start":{"line":49,"column":8},"end":{"line":49,"column":null}},"9":{"start":{"line":50,"column":8},"end":{"line":50,"column":null}},"10":{"start":{"line":51,"column":8},"end":{"line":51,"column":null}},"11":{"start":{"line":52,"column":8},"end":{"line":52,"column":null}},"12":{"start":{"line":53,"column":8},"end":{"line":53,"column":null}},"13":{"start":{"line":54,"column":8},"end":{"line":54,"column":null}},"14":{"start":{"line":55,"column":8},"end":{"line":55,"column":null}},"15":{"start":{"line":56,"column":8},"end":{"line":56,"column":null}},"16":{"start":{"line":23,"column":0},"end":{"line":23,"column":13}}},"fnMap":{"0":{"name":"(anonymous_0)","decl":{"start":{"line":40,"column":4},"end":{"line":40,"column":23}},"loc":{"start":{"line":40,"column":40},"end":{"line":57,"column":5}}}},"branchMap":{},"s":{"0":81,"1":81,"2":81,"3":81,"4":81,"5":81,"6":81,"7":81,"8":81,"9":81,"10":81,"11":81,"12":81,"13":81,"14":81,"15":81,"16":5},"f":{"0":81},"b":{}}
,"C:\\Users\\theoa\\Documents\\pissflix\\src\\domain\\movies\\entities\\subentities\\country.class.ts": {"path":"C:\\Users\\theoa\\Documents\\pissflix\\src\\domain\\movies\\entities\\subentities\\country.class.ts","statementMap":{"0":{"start":{"line":1,"column":0},"end":{"line":1,"column":53}},"1":{"start":{"line":7,"column":8},"end":{"line":13,"column":null}},"2":{"start":{"line":8,"column":12},"end":{"line":8,"column":null}},"3":{"start":{"line":9,"column":12},"end":{"line":9,"column":null}},"4":{"start":{"line":11,"column":12},"end":{"line":11,"column":null}},"5":{"start":{"line":12,"column":12},"end":{"line":12,"column":null}},"6":{"start":{"line":3,"column":0},"end":{"line":3,"column":13}}},"fnMap":{"0":{"name":"(anonymous_0)","decl":{"start":{"line":6,"column":4},"end":{"line":6,"column":16}},"loc":{"start":{"line":6,"column":28},"end":{"line":14,"column":5}}}},"branchMap":{"0":{"loc":{"start":{"line":7,"column":8},"end":{"line":13,"column":null}},"type":"if","locations":[{"start":{"line":7,"column":8},"end":{"line":13,"column":null}},{"start":{"line":10,"column":15},"end":{"line":13,"column":null}}]}},"s":{"0":5,"1":1,"2":1,"3":1,"4":0,"5":0,"6":5},"f":{"0":1},"b":{"0":[1,0]}}
,"C:\\Users\\theoa\\Documents\\pissflix\\src\\domain\\movies\\entities\\subentities\\image.type.ts": {"path":"C:\\Users\\theoa\\Documents\\pissflix\\src\\domain\\movies\\entities\\subentities\\image.type.ts","statementMap":{"0":{"start":{"line":12,"column":8},"end":{"line":12,"column":null}},"1":{"start":{"line":13,"column":8},"end":{"line":13,"column":null}},"2":{"start":{"line":14,"column":8},"end":{"line":14,"column":null}},"3":{"start":{"line":17,"column":8},"end":{"line":17,"column":null}},"4":{"start":{"line":20,"column":8},"end":{"line":20,"column":null}},"5":{"start":{"line":23,"column":8},"end":{"line":23,"column":null}},"6":{"start":{"line":3,"column":0},"end":{"line":3,"column":22}}},"fnMap":{"0":{"name":"(anonymous_0)","decl":{"start":{"line":7,"column":4},"end":{"line":7,"column":null}},"loc":{"start":{"line":10,"column":68},"end":{"line":15,"column":5}}},"1":{"name":"(anonymous_1)","decl":{"start":{"line":16,"column":4},"end":{"line":16,"column":21}},"loc":{"start":{"line":16,"column":21},"end":{"line":18,"column":5}}},"2":{"name":"(anonymous_2)","decl":{"start":{"line":19,"column":4},"end":{"line":19,"column":21}},"loc":{"start":{"line":19,"column":21},"end":{"line":21,"column":5}}},"3":{"name":"(anonymous_3)","decl":{"start":{"line":22,"column":4},"end":{"line":22,"column":20}},"loc":{"start":{"line":22,"column":20},"end":{"line":24,"column":5}}}},"branchMap":{"0":{"loc":{"start":{"line":8,"column":8},"end":{"line":8,"column":28}},"type":"default-arg","locations":[{"start":{"line":8,"column":26},"end":{"line":8,"column":28}}]},"1":{"loc":{"start":{"line":9,"column":8},"end":{"line":9,"column":29}},"type":"default-arg","locations":[{"start":{"line":9,"column":27},"end":{"line":9,"column":29}}]},"2":{"loc":{"start":{"line":10,"column":8},"end":{"line":10,"column":68}},"type":"default-arg","locations":[{"start":{"line":10,"column":59},"end":{"line":10,"column":68}}]}},"s":{"0":171,"1":171,"2":171,"3":0,"4":0,"5":0,"6":5},"f":{"0":171,"1":0,"2":0,"3":0},"b":{"0":[0],"1":[0],"2":[0]}}
,"C:\\Users\\theoa\\Documents\\pissflix\\src\\domain\\movies\\entities\\subentities\\index.ts": {"path":"C:\\Users\\theoa\\Documents\\pissflix\\src\\domain\\movies\\entities\\subentities\\index.ts","statementMap":{"0":{"start":{"line":1,"column":0},"end":{"line":1,"column":9}},"1":{"start":{"line":7,"column":9},"end":{"line":1,"column":41}},"2":{"start":{"line":3,"column":0},"end":{"line":3,"column":9}},"3":{"start":{"line":7,"column":25},"end":{"line":3,"column":41}},"4":{"start":{"line":4,"column":0},"end":{"line":4,"column":9}},"5":{"start":{"line":7,"column":37},"end":{"line":4,"column":43}}},"fnMap":{"0":{"name":"(anonymous_0)","decl":{"start":{"line":7,"column":9},"end":{"line":7,"column":16}},"loc":{"start":{"line":7,"column":9},"end":{"line":1,"column":41}}},"1":{"name":"(anonymous_1)","decl":{"start":{"line":7,"column":25},"end":{"line":7,"column":35}},"loc":{"start":{"line":7,"column":25},"end":{"line":3,"column":41}}},"2":{"name":"(anonymous_2)","decl":{"start":{"line":7,"column":37},"end":{"line":7,"column":45}},"loc":{"start":{"line":7,"column":37},"end":{"line":4,"column":43}}}},"branchMap":{},"s":{"0":5,"1":6,"2":5,"3":177,"4":5,"5":90},"f":{"0":1,"1":172,"2":85},"b":{}}
,"C:\\Users\\theoa\\Documents\\pissflix\\src\\domain\\movies\\entities\\subentities\\languages.type.ts": {"path":"C:\\Users\\theoa\\Documents\\pissflix\\src\\domain\\movies\\entities\\subentities\\languages.type.ts","statementMap":{"0":{"start":{"line":1,"column":0},"end":{"line":1,"column":66}},"1":{"start":{"line":7,"column":8},"end":{"line":13,"column":null}},"2":{"start":{"line":8,"column":12},"end":{"line":8,"column":null}},"3":{"start":{"line":9,"column":12},"end":{"line":9,"column":null}},"4":{"start":{"line":11,"column":12},"end":{"line":11,"column":null}},"5":{"start":{"line":12,"column":12},"end":{"line":12,"column":null}},"6":{"start":{"line":3,"column":0},"end":{"line":3,"column":13}}},"fnMap":{"0":{"name":"(anonymous_0)","decl":{"start":{"line":6,"column":4},"end":{"line":6,"column":16}},"loc":{"start":{"line":6,"column":49},"end":{"line":14,"column":5}}}},"branchMap":{"0":{"loc":{"start":{"line":7,"column":8},"end":{"line":13,"column":null}},"type":"if","locations":[{"start":{"line":7,"column":8},"end":{"line":13,"column":null}},{"start":{"line":10,"column":15},"end":{"line":13,"column":null}}]}},"s":{"0":5,"1":85,"2":83,"3":83,"4":2,"5":2,"6":5},"f":{"0":85},"b":{"0":[83,2]}}
,"C:\\Users\\theoa\\Documents\\pissflix\\src\\domain\\movies\\routes\\movies.routes.ts": {"path":"C:\\Users\\theoa\\Documents\\pissflix\\src\\domain\\movies\\routes\\movies.routes.ts","statementMap":{"0":{"start":{"line":8,"column":4},"end":{"line":8,"column":null}},"1":{"start":{"line":9,"column":4},"end":{"line":9,"column":null}},"2":{"start":{"line":11,"column":8},"end":{"line":11,"column":null}},"3":{"start":{"line":14,"column":8},"end":{"line":14,"column":null}},"4":{"start":{"line":17,"column":8},"end":{"line":19,"column":null}},"5":{"start":{"line":17,"column":45},"end":{"line":17,"column":53}},"6":{"start":{"line":18,"column":12},"end":{"line":18,"column":null}},"7":{"start":{"line":20,"column":8},"end":{"line":20,"column":null}},"8":{"start":{"line":6,"column":0},"end":{"line":6,"column":13}}},"fnMap":{"0":{"name":"(anonymous_0)","decl":{"start":{"line":10,"column":4},"end":{"line":10,"column":16}},"loc":{"start":{"line":10,"column":38},"end":{"line":12,"column":5}}},"1":{"name":"(anonymous_1)","decl":{"start":{"line":13,"column":4},"end":{"line":13,"column":17}},"loc":{"start":{"line":13,"column":58},"end":{"line":15,"column":5}}},"2":{"name":"(anonymous_2)","decl":{"start":{"line":16,"column":4},"end":{"line":16,"column":19}},"loc":{"start":{"line":16,"column":32},"end":{"line":21,"column":5}}},"3":{"name":"(anonymous_3)","decl":{"start":{"line":17,"column":34},"end":{"line":17,"column":35}},"loc":{"start":{"line":17,"column":45},"end":{"line":17,"column":53}}}},"branchMap":{"0":{"loc":{"start":{"line":17,"column":8},"end":{"line":19,"column":null}},"type":"if","locations":[{"start":{"line":17,"column":8},"end":{"line":19,"column":null}}]}},"s":{"0":0,"1":0,"2":0,"3":0,"4":0,"5":0,"6":0,"7":0,"8":0},"f":{"0":0,"1":0,"2":0,"3":0},"b":{"0":[0]}}
,"C:\\Users\\theoa\\Documents\\pissflix\\src\\domain\\movies\\useCases\\getMovieById.ts": {"path":"C:\\Users\\theoa\\Documents\\pissflix\\src\\domain\\movies\\useCases\\getMovieById.ts","statementMap":{"0":{"start":{"line":6,"column":73},"end":{"line":14,"column":1}},"1":{"start":{"line":13,"column":4},"end":{"line":13,"column":null}},"2":{"start":{"line":6,"column":13},"end":{"line":6,"column":73}}},"fnMap":{"0":{"name":"(anonymous_0)","decl":{"start":{"line":6,"column":73},"end":{"line":6,"column":null}},"loc":{"start":{"line":9,"column":28},"end":{"line":14,"column":1}}}},"branchMap":{},"s":{"0":1,"1":2,"2":1},"f":{"0":2},"b":{}}
,"C:\\Users\\theoa\\Documents\\pissflix\\src\\domain\\movies\\useCases\\getMoviesByDecade.ts": {"path":"C:\\Users\\theoa\\Documents\\pissflix\\src\\domain\\movies\\useCases\\getMoviesByDecade.ts","statementMap":{"0":{"start":{"line":13,"column":4},"end":{"line":16,"column":null}},"1":{"start":{"line":6,"column":0},"end":{"line":6,"column":16}}},"fnMap":{"0":{"name":"getMoviesByDecade","decl":{"start":{"line":6,"column":16},"end":{"line":6,"column":33}},"loc":{"start":{"line":8,"column":27},"end":{"line":17,"column":1}}}},"branchMap":{},"s":{"0":1,"1":1},"f":{"0":1},"b":{}}
,"C:\\Users\\theoa\\Documents\\pissflix\\src\\domain\\movies\\useCases\\getMoviesByGenre.ts": {"path":"C:\\Users\\theoa\\Documents\\pissflix\\src\\domain\\movies\\useCases\\getMoviesByGenre.ts","statementMap":{"0":{"start":{"line":13,"column":4},"end":{"line":13,"column":null}},"1":{"start":{"line":6,"column":0},"end":{"line":6,"column":16}}},"fnMap":{"0":{"name":"getMoviesByGenre","decl":{"start":{"line":6,"column":16},"end":{"line":6,"column":32}},"loc":{"start":{"line":8,"column":16},"end":{"line":14,"column":1}}}},"branchMap":{},"s":{"0":2,"1":1},"f":{"0":2},"b":{}}
,"C:\\Users\\theoa\\Documents\\pissflix\\src\\domain\\movies\\useCases\\getMoviesByRegion.ts": {"path":"C:\\Users\\theoa\\Documents\\pissflix\\src\\domain\\movies\\useCases\\getMoviesByRegion.ts","statementMap":{"0":{"start":{"line":4,"column":0},"end":{"line":4,"column":50}},"1":{"start":{"line":14,"column":4},"end":{"line":18,"column":null}},"2":{"start":{"line":16,"column":26},"end":{"line":16,"column":64}},"3":{"start":{"line":7,"column":0},"end":{"line":7,"column":16}}},"fnMap":{"0":{"name":"getMoviesByRegion","decl":{"start":{"line":7,"column":16},"end":{"line":7,"column":33}},"loc":{"start":{"line":9,"column":18},"end":{"line":19,"column":1}}},"1":{"name":"(anonymous_1)","decl":{"start":{"line":16,"column":12},"end":{"line":16,"column":13}},"loc":{"start":{"line":16,"column":26},"end":{"line":16,"column":64}}}},"branchMap":{},"s":{"0":1,"1":1,"2":1,"3":1},"f":{"0":1,"1":1},"b":{}}
,"C:\\Users\\theoa\\Documents\\pissflix\\src\\presentation\\msx\\movies\\index.ts": {"path":"C:\\Users\\theoa\\Documents\\pissflix\\src\\presentation\\msx\\movies\\index.ts","statementMap":{"0":{"start":{"line":2,"column":0},"end":{"line":2,"column":81}},"1":{"start":{"line":3,"column":0},"end":{"line":3,"column":55}},"2":{"start":{"line":4,"column":0},"end":{"line":4,"column":61}},"3":{"start":{"line":7,"column":30},"end":{"line":7,"column":69}},"4":{"start":{"line":9,"column":4},"end":{"line":9,"column":null}},"5":{"start":{"line":14,"column":4},"end":{"line":14,"column":null}},"6":{"start":{"line":6,"column":0},"end":{"line":6,"column":16}}},"fnMap":{"0":{"name":"createMoviesRegistry","decl":{"start":{"line":6,"column":16},"end":{"line":6,"column":36}},"loc":{"start":{"line":6,"column":59},"end":{"line":15,"column":1}}}},"branchMap":{},"s":{"0":0,"1":0,"2":0,"3":0,"4":0,"5":0,"6":0},"f":{"0":0},"b":{}}
,"C:\\Users\\theoa\\Documents\\pissflix\\src\\presentation\\msx\\movies\\components\\moviesMenu.ts": {"path":"C:\\Users\\theoa\\Documents\\pissflix\\src\\presentation\\msx\\movies\\components\\moviesMenu.ts","statementMap":{"0":{"start":{"line":2,"column":0},"end":{"line":2,"column":62}},"1":{"start":{"line":5,"column":0},"end":{"line":5,"column":73}},"2":{"start":{"line":6,"column":0},"end":{"line":6,"column":50}},"3":{"start":{"line":8,"column":52},"end":{"line":139,"column":1}},"4":{"start":{"line":11,"column":33},"end":{"line":29,"column":null}},"5":{"start":{"line":31,"column":20},"end":{"line":31,"column":42}},"6":{"start":{"line":33,"column":27},"end":{"line":50,"column":6}},"7":{"start":{"line":52,"column":22},"end":{"line":69,"column":6}},"8":{"start":{"line":71,"column":23},"end":{"line":88,"column":6}},"9":{"start":{"line":90,"column":22},"end":{"line":107,"column":6}},"10":{"start":{"line":109,"column":24},"end":{"line":126,"column":6}},"11":{"start":{"line":128,"column":4},"end":{"line":138,"column":null}},"12":{"start":{"line":129,"column":8},"end":{"line":129,"column":null}},"13":{"start":{"line":130,"column":8},"end":{"line":130,"column":null}},"14":{"start":{"line":131,"column":8},"end":{"line":131,"column":null}},"15":{"start":{"line":132,"column":8},"end":{"line":132,"column":null}},"16":{"start":{"line":133,"column":8},"end":{"line":133,"column":null}},"17":{"start":{"line":135,"column":8},"end":{"line":135,"column":null}},"18":{"start":{"line":137,"column":8},"end":{"line":137,"column":null}},"19":{"start":{"line":8,"column":13},"end":{"line":8,"column":52}}},"fnMap":{"0":{"name":"(anonymous_0)","decl":{"start":{"line":8,"column":52},"end":{"line":8,"column":null}},"loc":{"start":{"line":10,"column":21},"end":{"line":139,"column":1}}}},"branchMap":{},"s":{"0":0,"1":0,"2":0,"3":0,"4":0,"5":0,"6":0,"7":0,"8":0,"9":0,"10":0,"11":0,"12":0,"13":0,"14":0,"15":0,"16":0,"17":0,"18":0,"19":0},"f":{"0":0},"b":{}}
,"C:\\Users\\theoa\\Documents\\pissflix\\src\\presentation\\msx\\movies\\components\\moviesRoutes.enum.ts": {"path":"C:\\Users\\theoa\\Documents\\pissflix\\src\\presentation\\msx\\movies\\components\\moviesRoutes.enum.ts","statementMap":{"0":{"start":{"line":1,"column":0},"end":{"line":1,"column":null}},"1":{"start":{"line":2,"column":4},"end":{"line":2,"column":null}},"2":{"start":{"line":3,"column":4},"end":{"line":3,"column":null}},"3":{"start":{"line":4,"column":4},"end":{"line":4,"column":null}},"4":{"start":{"line":5,"column":4},"end":{"line":5,"column":null}},"5":{"start":{"line":6,"column":4},"end":{"line":6,"column":null}}},"fnMap":{"0":{"name":"(anonymous_0)","decl":{"start":{"line":1,"column":0},"end":{"line":1,"column":12}},"loc":{"start":{"line":1,"column":24},"end":{"line":7,"column":1}}}},"branchMap":{"0":{"loc":{"start":{"line":1,"column":12},"end":{"line":1,"column":null}},"type":"binary-expr","locations":[{"start":{"line":1,"column":12},"end":{"line":1,"column":24}},{"start":{"line":1,"column":12},"end":{"line":1,"column":null}}]}},"s":{"0":0,"1":0,"2":0,"3":0,"4":0,"5":0},"f":{"0":0},"b":{"0":[0,0]}}
,"C:\\Users\\theoa\\Documents\\pissflix\\src\\presentation\\msx\\shared\\contentObjects.ts": {"path":"C:\\Users\\theoa\\Documents\\pissflix\\src\\presentation\\msx\\shared\\contentObjects.ts","statementMap":{"0":{"start":{"line":51,"column":4},"end":{"line":51,"column":null}},"1":{"start":{"line":52,"column":4},"end":{"line":52,"column":null}},"2":{"start":{"line":53,"column":4},"end":{"line":53,"column":null}},"3":{"start":{"line":59,"column":8},"end":{"line":59,"column":null}},"4":{"start":{"line":60,"column":8},"end":{"line":60,"column":null}},"5":{"start":{"line":61,"column":8},"end":{"line":61,"column":null}},"6":{"start":{"line":62,"column":8},"end":{"line":62,"column":null}},"7":{"start":{"line":63,"column":8},"end":{"line":63,"column":null}},"8":{"start":{"line":64,"column":8},"end":{"line":64,"column":null}},"9":{"start":{"line":65,"column":8},"end":{"line":65,"column":null}},"10":{"start":{"line":66,"column":8},"end":{"line":66,"column":null}},"11":{"start":{"line":67,"column":8},"end":{"line":67,"column":null}},"12":{"start":{"line":68,"column":8},"end":{"line":68,"column":null}},"13":{"start":{"line":69,"column":8},"end":{"line":69,"column":null}},"14":{"start":{"line":70,"column":8},"end":{"line":70,"column":null}},"15":{"start":{"line":71,"column":8},"end":{"line":71,"column":null}},"16":{"start":{"line":72,"column":8},"end":{"line":72,"column":null}},"17":{"start":{"line":73,"column":8},"end":{"line":73,"column":null}},"18":{"start":{"line":74,"column":8},"end":{"line":74,"column":null}},"19":{"start":{"line":75,"column":8},"end":{"line":75,"column":null}},"20":{"start":{"line":76,"column":8},"end":{"line":76,"column":null}},"21":{"start":{"line":77,"column":8},"end":{"line":77,"column":null}},"22":{"start":{"line":81,"column":8},"end":{"line":81,"column":null}},"23":{"start":{"line":85,"column":8},"end":{"line":86,"column":null}},"24":{"start":{"line":86,"column":12},"end":{"line":86,"column":null}},"25":{"start":{"line":87,"column":8},"end":{"line":87,"column":null}},"26":{"start":{"line":91,"column":8},"end":{"line":92,"column":null}},"27":{"start":{"line":92,"column":12},"end":{"line":92,"column":null}},"28":{"start":{"line":93,"column":8},"end":{"line":93,"column":null}},"29":{"start":{"line":35,"column":0},"end":{"line":35,"column":13}},"30":{"start":{"line":209,"column":8},"end":{"line":209,"column":null}},"31":{"start":{"line":210,"column":8},"end":{"line":210,"column":null}},"32":{"start":{"line":211,"column":8},"end":{"line":211,"column":null}},"33":{"start":{"line":212,"column":8},"end":{"line":212,"column":null}},"34":{"start":{"line":213,"column":8},"end":{"line":213,"column":null}},"35":{"start":{"line":214,"column":8},"end":{"line":214,"column":null}},"36":{"start":{"line":215,"column":8},"end":{"line":215,"column":null}},"37":{"start":{"line":216,"column":8},"end":{"line":216,"column":null}},"38":{"start":{"line":217,"column":8},"end":{"line":217,"column":null}},"39":{"start":{"line":218,"column":8},"end":{"line":218,"column":null}},"40":{"start":{"line":219,"column":8},"end":{"line":219,"column":null}},"41":{"start":{"line":220,"column":8},"end":{"line":220,"column":null}},"42":{"start":{"line":221,"column":8},"end":{"line":221,"column":null}},"43":{"start":{"line":222,"column":8},"end":{"line":222,"column":null}},"44":{"start":{"line":223,"column":8},"end":{"line":223,"column":null}},"45":{"start":{"line":224,"column":8},"end":{"line":224,"column":null}},"46":{"start":{"line":225,"column":8},"end":{"line":225,"column":null}},"47":{"start":{"line":226,"column":8},"end":{"line":226,"column":null}},"48":{"start":{"line":227,"column":8},"end":{"line":227,"column":null}},"49":{"start":{"line":228,"column":8},"end":{"line":228,"column":null}},"50":{"start":{"line":229,"column":8},"end":{"line":229,"column":null}},"51":{"start":{"line":230,"column":8},"end":{"line":230,"column":null}},"52":{"start":{"line":231,"column":8},"end":{"line":231,"column":null}},"53":{"start":{"line":232,"column":8},"end":{"line":232,"column":null}},"54":{"start":{"line":233,"column":8},"end":{"line":233,"column":null}},"55":{"start":{"line":234,"column":8},"end":{"line":234,"column":null}},"56":{"start":{"line":235,"column":8},"end":{"line":235,"column":null}},"57":{"start":{"line":236,"column":8},"end":{"line":236,"column":null}},"58":{"start":{"line":237,"column":8},"end":{"line":237,"column":null}},"59":{"start":{"line":238,"column":8},"end":{"line":238,"column":null}},"60":{"start":{"line":239,"column":8},"end":{"line":239,"column":null}},"61":{"start":{"line":240,"column":8},"end":{"line":240,"column":null}},"62":{"start":{"line":241,"column":8},"end":{"line":241,"column":null}},"63":{"start":{"line":242,"column":8},"end":{"line":242,"column":null}},"64":{"start":{"line":243,"column":8},"end":{"line":243,"column":null}},"65":{"start":{"line":244,"column":8},"end":{"line":244,"column":null}},"66":{"start":{"line":245,"column":8},"end":{"line":245,"column":null}},"67":{"start":{"line":246,"column":8},"end":{"line":246,"column":null}},"68":{"start":{"line":247,"column":8},"end":{"line":247,"column":null}},"69":{"start":{"line":248,"column":8},"end":{"line":248,"column":null}},"70":{"start":{"line":249,"column":8},"end":{"line":249,"column":null}},"71":{"start":{"line":250,"column":8},"end":{"line":250,"column":null}},"72":{"start":{"line":251,"column":8},"end":{"line":251,"column":null}},"73":{"start":{"line":252,"column":8},"end":{"line":252,"column":null}},"74":{"start":{"line":253,"column":8},"end":{"line":253,"column":null}},"75":{"start":{"line":254,"column":8},"end":{"line":254,"column":null}},"76":{"start":{"line":255,"column":8},"end":{"line":255,"column":null}},"77":{"start":{"line":256,"column":8},"end":{"line":256,"column":null}},"78":{"start":{"line":257,"column":8},"end":{"line":257,"column":null}},"79":{"start":{"line":258,"column":8},"end":{"line":258,"column":null}},"80":{"start":{"line":259,"column":8},"end":{"line":259,"column":null}},"81":{"start":{"line":260,"column":8},"end":{"line":260,"column":null}},"82":{"start":{"line":155,"column":0},"end":{"line":155,"column":13}},"83":{"start":{"line":294,"column":8},"end":{"line":294,"column":null}},"84":{"start":{"line":295,"column":8},"end":{"line":295,"column":null}},"85":{"start":{"line":296,"column":8},"end":{"line":296,"column":null}},"86":{"start":{"line":297,"column":8},"end":{"line":297,"column":null}},"87":{"start":{"line":298,"column":8},"end":{"line":298,"column":null}},"88":{"start":{"line":299,"column":8},"end":{"line":299,"column":null}},"89":{"start":{"line":300,"column":8},"end":{"line":300,"column":null}},"90":{"start":{"line":301,"column":8},"end":{"line":301,"column":null}},"91":{"start":{"line":302,"column":8},"end":{"line":302,"column":null}},"92":{"start":{"line":303,"column":8},"end":{"line":303,"column":null}},"93":{"start":{"line":304,"column":8},"end":{"line":304,"column":null}},"94":{"start":{"line":305,"column":8},"end":{"line":305,"column":null}},"95":{"start":{"line":306,"column":8},"end":{"line":306,"column":null}},"96":{"start":{"line":310,"column":8},"end":{"line":311,"column":null}},"97":{"start":{"line":310,"column":35},"end":{"line":310,"column":40}},"98":{"start":{"line":311,"column":12},"end":{"line":311,"column":null}},"99":{"start":{"line":312,"column":8},"end":{"line":312,"column":null}},"100":{"start":{"line":279,"column":0},"end":{"line":279,"column":13}}},"fnMap":{"0":{"name":"(anonymous_0)","decl":{"start":{"line":58,"column":4},"end":{"line":58,"column":16}},"loc":{"start":{"line":58,"column":39},"end":{"line":78,"column":5}}},"1":{"name":"(anonymous_1)","decl":{"start":{"line":80,"column":4},"end":{"line":80,"column":15}},"loc":{"start":{"line":80,"column":37},"end":{"line":82,"column":5}}},"2":{"name":"(anonymous_2)","decl":{"start":{"line":84,"column":4},"end":{"line":84,"column":11}},"loc":{"start":{"line":84,"column":29},"end":{"line":88,"column":5}}},"3":{"name":"(anonymous_3)","decl":{"start":{"line":90,"column":4},"end":{"line":90,"column":11}},"loc":{"start":{"line":90,"column":29},"end":{"line":94,"column":5}}},"4":{"name":"(anonymous_4)","decl":{"start":{"line":208,"column":4},"end":{"line":208,"column":16}},"loc":{"start":{"line":208,"column":39},"end":{"line":261,"column":5}}},"5":{"name":"(anonymous_5)","decl":{"start":{"line":293,"column":4},"end":{"line":293,"column":16}},"loc":{"start":{"line":293,"column":39},"end":{"line":307,"column":5}}},"6":{"name":"(anonymous_6)","decl":{"start":{"line":309,"column":4},"end":{"line":309,"column":11}},"loc":{"start":{"line":309,"column":29},"end":{"line":313,"column":5}}},"7":{"name":"(anonymous_7)","decl":{"start":{"line":310,"column":27},"end":{"line":310,"column":28}},"loc":{"start":{"line":310,"column":35},"end":{"line":310,"column":40}}}},"branchMap":{"0":{"loc":{"start":{"line":85,"column":8},"end":{"line":86,"column":null}},"type":"if","locations":[{"start":{"line":85,"column":8},"end":{"line":86,"column":null}}]},"1":{"loc":{"start":{"line":87,"column":8},"end":{"line":87,"column":30}},"type":"cond-expr","locations":[{"start":{"line":87,"column":18},"end":{"line":87,"column":20}},{"start":{"line":87,"column":18},"end":{"line":87,"column":30}}]},"2":{"loc":{"start":{"line":87,"column":8},"end":{"line":87,"column":20}},"type":"binary-expr","locations":[{"start":{"line":87,"column":8},"end":{"line":87,"column":20}},{"start":{"line":87,"column":18},"end":{"line":87,"column":20}}]},"3":{"loc":{"start":{"line":91,"column":8},"end":{"line":92,"column":null}},"type":"if","locations":[{"start":{"line":91,"column":8},"end":{"line":92,"column":null}}]},"4":{"loc":{"start":{"line":93,"column":8},"end":{"line":93,"column":30}},"type":"cond-expr","locations":[{"start":{"line":93,"column":18},"end":{"line":93,"column":20}},{"start":{"line":93,"column":18},"end":{"line":93,"column":30}}]},"5":{"loc":{"start":{"line":93,"column":8},"end":{"line":93,"column":20}},"type":"binary-expr","locations":[{"start":{"line":93,"column":8},"end":{"line":93,"column":20}},{"start":{"line":93,"column":18},"end":{"line":93,"column":20}}]},"6":{"loc":{"start":{"line":310,"column":8},"end":{"line":311,"column":null}},"type":"if","locations":[{"start":{"line":310,"column":8},"end":{"line":311,"column":null}}]}},"s":{"0":0,"1":0,"2":0,"3":0,"4":0,"5":0,"6":0,"7":0,"8":0,"9":0,"10":0,"11":0,"12":0,"13":0,"14":0,"15":0,"16":0,"17":0,"18":0,"19":0,"20":0,"21":0,"22":0,"23":0,"24":0,"25":0,"26":0,"27":0,"28":0,"29":0,"30":0,"31":0,"32":0,"33":0,"34":0,"35":0,"36":0,"37":0,"38":0,"39":0,"40":0,"41":0,"42":0,"43":0,"44":0,"45":0,"46":0,"47":0,"48":0,"49":0,"50":0,"51":0,"52":0,"53":0,"54":0,"55":0,"56":0,"57":0,"58":0,"59":0,"60":0,"61":0,"62":0,"63":0,"64":0,"65":0,"66":0,"67":0,"68":0,"69":0,"70":0,"71":0,"72":0,"73":0,"74":0,"75":0,"76":0,"77":0,"78":0,"79":0,"80":0,"81":0,"82":0,"83":0,"84":0,"85":0,"86":0,"87":0,"88":0,"89":0,"90":0,"91":0,"92":0,"93":0,"94":0,"95":0,"96":0,"97":0,"98":0,"99":0,"100":0},"f":{"0":0,"1":0,"2":0,"3":0,"4":0,"5":0,"6":0,"7":0},"b":{"0":[0],"1":[0,0],"2":[0,0],"3":[0],"4":[0,0],"5":[0,0],"6":[0]}}
,"C:\\Users\\theoa\\Documents\\pissflix\\src\\presentation\\msx\\shared\\menuObject.ts": {"path":"C:\\Users\\theoa\\Documents\\pissflix\\src\\presentation\\msx\\shared\\menuObject.ts","statementMap":{"0":{"start":{"line":79,"column":8},"end":{"line":79,"column":null}},"1":{"start":{"line":80,"column":8},"end":{"line":80,"column":null}},"2":{"start":{"line":81,"column":8},"end":{"line":81,"column":null}},"3":{"start":{"line":82,"column":8},"end":{"line":82,"column":null}},"4":{"start":{"line":83,"column":8},"end":{"line":83,"column":null}},"5":{"start":{"line":84,"column":8},"end":{"line":84,"column":null}},"6":{"start":{"line":85,"column":8},"end":{"line":85,"column":null}},"7":{"start":{"line":86,"column":8},"end":{"line":86,"column":null}},"8":{"start":{"line":87,"column":8},"end":{"line":87,"column":null}},"9":{"start":{"line":88,"column":8},"end":{"line":88,"column":null}},"10":{"start":{"line":89,"column":8},"end":{"line":89,"column":null}},"11":{"start":{"line":90,"column":8},"end":{"line":90,"column":null}},"12":{"start":{"line":91,"column":8},"end":{"line":91,"column":null}},"13":{"start":{"line":92,"column":8},"end":{"line":92,"column":null}},"14":{"start":{"line":93,"column":8},"end":{"line":93,"column":null}},"15":{"start":{"line":94,"column":8},"end":{"line":94,"column":null}},"16":{"start":{"line":95,"column":8},"end":{"line":95,"column":null}},"17":{"start":{"line":99,"column":8},"end":{"line":102,"column":null}},"18":{"start":{"line":99,"column":34},"end":{"line":99,"column":39}},"19":{"start":{"line":101,"column":12},"end":{"line":101,"column":null}},"20":{"start":{"line":103,"column":8},"end":{"line":108,"column":null}},"21":{"start":{"line":104,"column":34},"end":{"line":104,"column":42}},"22":{"start":{"line":104,"column":61},"end":{"line":104,"column":67}},"23":{"start":{"line":107,"column":12},"end":{"line":107,"column":null}},"24":{"start":{"line":109,"column":8},"end":{"line":109,"column":null}},"25":{"start":{"line":60,"column":0},"end":{"line":60,"column":13}},"26":{"start":{"line":131,"column":8},"end":{"line":131,"column":null}},"27":{"start":{"line":132,"column":8},"end":{"line":132,"column":null}},"28":{"start":{"line":133,"column":8},"end":{"line":133,"column":null}},"29":{"start":{"line":134,"column":8},"end":{"line":134,"column":null}},"30":{"start":{"line":135,"column":8},"end":{"line":135,"column":null}},"31":{"start":{"line":136,"column":8},"end":{"line":136,"column":null}},"32":{"start":{"line":137,"column":8},"end":{"line":137,"column":null}},"33":{"start":{"line":138,"column":8},"end":{"line":138,"column":null}},"34":{"start":{"line":139,"column":8},"end":{"line":139,"column":null}},"35":{"start":{"line":140,"column":8},"end":{"line":140,"column":null}},"36":{"start":{"line":141,"column":8},"end":{"line":141,"column":null}},"37":{"start":{"line":142,"column":8},"end":{"line":142,"column":null}},"38":{"start":{"line":143,"column":8},"end":{"line":143,"column":null}},"39":{"start":{"line":144,"column":8},"end":{"line":144,"column":null}},"40":{"start":{"line":145,"column":8},"end":{"line":145,"column":null}},"41":{"start":{"line":146,"column":8},"end":{"line":146,"column":null}},"42":{"start":{"line":113,"column":0},"end":{"line":113,"column":13}}},"fnMap":{"0":{"name":"(anonymous_0)","decl":{"start":{"line":78,"column":4},"end":{"line":78,"column":16}},"loc":{"start":{"line":78,"column":32},"end":{"line":96,"column":5}}},"1":{"name":"(anonymous_1)","decl":{"start":{"line":98,"column":4},"end":{"line":98,"column":11}},"loc":{"start":{"line":98,"column":29},"end":{"line":110,"column":5}}},"2":{"name":"(anonymous_2)","decl":{"start":{"line":99,"column":26},"end":{"line":99,"column":27}},"loc":{"start":{"line":99,"column":34},"end":{"line":99,"column":39}}},"3":{"name":"(anonymous_3)","decl":{"start":{"line":104,"column":26},"end":{"line":104,"column":27}},"loc":{"start":{"line":104,"column":34},"end":{"line":104,"column":42}}},"4":{"name":"(anonymous_4)","decl":{"start":{"line":104,"column":51},"end":{"line":104,"column":52}},"loc":{"start":{"line":104,"column":61},"end":{"line":104,"column":67}}},"5":{"name":"(anonymous_5)","decl":{"start":{"line":130,"column":4},"end":{"line":130,"column":16}},"loc":{"start":{"line":130,"column":36},"end":{"line":147,"column":5}}}},"branchMap":{"0":{"loc":{"start":{"line":99,"column":8},"end":{"line":102,"column":null}},"type":"if","locations":[{"start":{"line":99,"column":8},"end":{"line":102,"column":null}}]},"1":{"loc":{"start":{"line":103,"column":8},"end":{"line":108,"column":null}},"type":"if","locations":[{"start":{"line":103,"column":8},"end":{"line":108,"column":null}}]},"2":{"loc":{"start":{"line":104,"column":61},"end":{"line":104,"column":67}},"type":"binary-expr","locations":[{"start":{"line":104,"column":61},"end":{"line":104,"column":62}},{"start":{"line":104,"column":66},"end":{"line":104,"column":67}}]}},"s":{"0":0,"1":0,"2":0,"3":0,"4":0,"5":0,"6":0,"7":0,"8":0,"9":0,"10":0,"11":0,"12":0,"13":0,"14":0,"15":0,"16":0,"17":0,"18":0,"19":0,"20":0,"21":0,"22":0,"23":0,"24":0,"25":0,"26":0,"27":0,"28":0,"29":0,"30":0,"31":0,"32":0,"33":0,"34":0,"35":0,"36":0,"37":0,"38":0,"39":0,"40":0,"41":0,"42":0},"f":{"0":0,"1":0,"2":0,"3":0,"4":0,"5":0},"b":{"0":[0],"1":[0],"2":[0,0]}}
}
