{"C:\\Users\\theoa\\Documents\\pissflix\\src\\index.ts": {"path":"C:\\Users\\theoa\\Documents\\pissflix\\src\\index.ts","statementMap":{"0":{"start":{"line":1,"column":0},"end":{"line":1,"column":null}}},"fnMap":{},"branchMap":{},"s":{"0":0},"f":{},"b":{}}
,"C:\\Users\\theoa\\Documents\\pissflix\\src\\modules\\movies\\entities\\movie.entity.ts": {"path":"C:\\Users\\theoa\\Documents\\pissflix\\src\\modules\\movies\\entities\\movie.entity.ts","statementMap":{"0":{"start":{"line":41,"column":8},"end":{"line":41,"column":null}},"1":{"start":{"line":42,"column":8},"end":{"line":42,"column":null}},"2":{"start":{"line":43,"column":8},"end":{"line":43,"column":null}},"3":{"start":{"line":44,"column":8},"end":{"line":44,"column":null}},"4":{"start":{"line":45,"column":8},"end":{"line":45,"column":null}},"5":{"start":{"line":46,"column":8},"end":{"line":46,"column":null}},"6":{"start":{"line":47,"column":8},"end":{"line":47,"column":null}},"7":{"start":{"line":48,"column":8},"end":{"line":48,"column":null}},"8":{"start":{"line":49,"column":8},"end":{"line":49,"column":null}},"9":{"start":{"line":50,"column":8},"end":{"line":50,"column":null}},"10":{"start":{"line":51,"column":8},"end":{"line":51,"column":null}},"11":{"start":{"line":52,"column":8},"end":{"line":52,"column":null}},"12":{"start":{"line":53,"column":8},"end":{"line":53,"column":null}},"13":{"start":{"line":54,"column":8},"end":{"line":54,"column":null}},"14":{"start":{"line":55,"column":8},"end":{"line":55,"column":null}},"15":{"start":{"line":56,"column":8},"end":{"line":56,"column":null}},"16":{"start":{"line":23,"column":0},"end":{"line":23,"column":13}}},"fnMap":{"0":{"name":"(anonymous_0)","decl":{"start":{"line":40,"column":4},"end":{"line":40,"column":23}},"loc":{"start":{"line":40,"column":40},"end":{"line":57,"column":5}}}},"branchMap":{},"s":{"0":61,"1":61,"2":61,"3":61,"4":61,"5":61,"6":61,"7":61,"8":61,"9":61,"10":61,"11":61,"12":61,"13":61,"14":61,"15":61,"16":5},"f":{"0":61},"b":{}}
,"C:\\Users\\theoa\\Documents\\pissflix\\src\\modules\\movies\\entities\\subtypes\\country.class.ts": {"path":"C:\\Users\\theoa\\Documents\\pissflix\\src\\modules\\movies\\entities\\subtypes\\country.class.ts","statementMap":{"0":{"start":{"line":1,"column":0},"end":{"line":1,"column":53}},"1":{"start":{"line":7,"column":8},"end":{"line":13,"column":null}},"2":{"start":{"line":8,"column":12},"end":{"line":8,"column":null}},"3":{"start":{"line":9,"column":12},"end":{"line":9,"column":null}},"4":{"start":{"line":11,"column":12},"end":{"line":11,"column":null}},"5":{"start":{"line":12,"column":12},"end":{"line":12,"column":null}},"6":{"start":{"line":3,"column":0},"end":{"line":3,"column":13}}},"fnMap":{"0":{"name":"(anonymous_0)","decl":{"start":{"line":6,"column":4},"end":{"line":6,"column":16}},"loc":{"start":{"line":6,"column":28},"end":{"line":14,"column":5}}}},"branchMap":{"0":{"loc":{"start":{"line":7,"column":8},"end":{"line":13,"column":null}},"type":"if","locations":[{"start":{"line":7,"column":8},"end":{"line":13,"column":null}},{"start":{"line":10,"column":15},"end":{"line":13,"column":null}}]}},"s":{"0":5,"1":1,"2":1,"3":1,"4":0,"5":0,"6":5},"f":{"0":1},"b":{"0":[1,0]}}
,"C:\\Users\\theoa\\Documents\\pissflix\\src\\modules\\movies\\entities\\subtypes\\image.type.ts": {"path":"C:\\Users\\theoa\\Documents\\pissflix\\src\\modules\\movies\\entities\\subtypes\\image.type.ts","statementMap":{"0":{"start":{"line":12,"column":8},"end":{"line":12,"column":null}},"1":{"start":{"line":13,"column":8},"end":{"line":13,"column":null}},"2":{"start":{"line":14,"column":8},"end":{"line":14,"column":null}},"3":{"start":{"line":17,"column":8},"end":{"line":17,"column":null}},"4":{"start":{"line":20,"column":8},"end":{"line":20,"column":null}},"5":{"start":{"line":23,"column":8},"end":{"line":23,"column":null}},"6":{"start":{"line":3,"column":0},"end":{"line":3,"column":22}}},"fnMap":{"0":{"name":"(anonymous_0)","decl":{"start":{"line":7,"column":4},"end":{"line":7,"column":null}},"loc":{"start":{"line":10,"column":68},"end":{"line":15,"column":5}}},"1":{"name":"(anonymous_1)","decl":{"start":{"line":16,"column":4},"end":{"line":16,"column":21}},"loc":{"start":{"line":16,"column":21},"end":{"line":18,"column":5}}},"2":{"name":"(anonymous_2)","decl":{"start":{"line":19,"column":4},"end":{"line":19,"column":21}},"loc":{"start":{"line":19,"column":21},"end":{"line":21,"column":5}}},"3":{"name":"(anonymous_3)","decl":{"start":{"line":22,"column":4},"end":{"line":22,"column":20}},"loc":{"start":{"line":22,"column":20},"end":{"line":24,"column":5}}}},"branchMap":{"0":{"loc":{"start":{"line":8,"column":8},"end":{"line":8,"column":28}},"type":"default-arg","locations":[{"start":{"line":8,"column":26},"end":{"line":8,"column":28}}]},"1":{"loc":{"start":{"line":9,"column":8},"end":{"line":9,"column":29}},"type":"default-arg","locations":[{"start":{"line":9,"column":27},"end":{"line":9,"column":29}}]},"2":{"loc":{"start":{"line":10,"column":8},"end":{"line":10,"column":68}},"type":"default-arg","locations":[{"start":{"line":10,"column":59},"end":{"line":10,"column":68}}]}},"s":{"0":132,"1":132,"2":132,"3":0,"4":0,"5":0,"6":5},"f":{"0":132,"1":0,"2":0,"3":0},"b":{"0":[0],"1":[0],"2":[0]}}
,"C:\\Users\\theoa\\Documents\\pissflix\\src\\modules\\movies\\entities\\subtypes\\index.ts": {"path":"C:\\Users\\theoa\\Documents\\pissflix\\src\\modules\\movies\\entities\\subtypes\\index.ts","statementMap":{"0":{"start":{"line":1,"column":0},"end":{"line":1,"column":9}},"1":{"start":{"line":7,"column":9},"end":{"line":1,"column":41}},"2":{"start":{"line":3,"column":0},"end":{"line":3,"column":9}},"3":{"start":{"line":7,"column":25},"end":{"line":3,"column":41}},"4":{"start":{"line":4,"column":0},"end":{"line":4,"column":9}},"5":{"start":{"line":7,"column":37},"end":{"line":4,"column":43}}},"fnMap":{"0":{"name":"(anonymous_0)","decl":{"start":{"line":7,"column":9},"end":{"line":7,"column":16}},"loc":{"start":{"line":7,"column":9},"end":{"line":1,"column":41}}},"1":{"name":"(anonymous_1)","decl":{"start":{"line":7,"column":25},"end":{"line":7,"column":35}},"loc":{"start":{"line":7,"column":25},"end":{"line":3,"column":41}}},"2":{"name":"(anonymous_2)","decl":{"start":{"line":7,"column":37},"end":{"line":7,"column":45}},"loc":{"start":{"line":7,"column":37},"end":{"line":4,"column":43}}}},"branchMap":{},"s":{"0":5,"1":6,"2":5,"3":98,"4":5,"5":70},"f":{"0":1,"1":93,"2":65},"b":{}}
,"C:\\Users\\theoa\\Documents\\pissflix\\src\\modules\\movies\\entities\\subtypes\\languages.type.ts": {"path":"C:\\Users\\theoa\\Documents\\pissflix\\src\\modules\\movies\\entities\\subtypes\\languages.type.ts","statementMap":{"0":{"start":{"line":1,"column":0},"end":{"line":1,"column":66}},"1":{"start":{"line":7,"column":8},"end":{"line":13,"column":null}},"2":{"start":{"line":8,"column":12},"end":{"line":8,"column":null}},"3":{"start":{"line":9,"column":12},"end":{"line":9,"column":null}},"4":{"start":{"line":11,"column":12},"end":{"line":11,"column":null}},"5":{"start":{"line":12,"column":12},"end":{"line":12,"column":null}},"6":{"start":{"line":3,"column":0},"end":{"line":3,"column":13}}},"fnMap":{"0":{"name":"(anonymous_0)","decl":{"start":{"line":6,"column":4},"end":{"line":6,"column":16}},"loc":{"start":{"line":6,"column":49},"end":{"line":14,"column":5}}}},"branchMap":{"0":{"loc":{"start":{"line":7,"column":8},"end":{"line":13,"column":null}},"type":"if","locations":[{"start":{"line":7,"column":8},"end":{"line":13,"column":null}},{"start":{"line":10,"column":15},"end":{"line":13,"column":null}}]}},"s":{"0":5,"1":65,"2":63,"3":63,"4":2,"5":2,"6":5},"f":{"0":65},"b":{"0":[63,2]}}
,"C:\\Users\\theoa\\Documents\\pissflix\\src\\modules\\movies\\repos\\tmdb\\index.ts": {"path":"C:\\Users\\theoa\\Documents\\pissflix\\src\\modules\\movies\\repos\\tmdb\\index.ts","statementMap":{"0":{"start":{"line":1,"column":0},"end":{"line":1,"column":9}},"1":{"start":{"line":3,"column":9},"end":{"line":1,"column":46}}},"fnMap":{"0":{"name":"(anonymous_0)","decl":{"start":{"line":3,"column":9},"end":{"line":3,"column":17}},"loc":{"start":{"line":3,"column":9},"end":{"line":1,"column":46}}}},"branchMap":{},"s":{"0":5,"1":10},"f":{"0":5},"b":{}}
,"C:\\Users\\theoa\\Documents\\pissflix\\src\\modules\\movies\\repos\\tmdb\\subtypes\\tmdbImage.ts": {"path":"C:\\Users\\theoa\\Documents\\pissflix\\src\\modules\\movies\\repos\\tmdb\\subtypes\\tmdbImage.ts","statementMap":{"0":{"start":{"line":1,"column":0},"end":{"line":1,"column":55}},"1":{"start":{"line":8,"column":8},"end":{"line":8,"column":null}},"2":{"start":{"line":11,"column":4},"end":{"line":13,"column":null}},"3":{"start":{"line":12,"column":8},"end":{"line":12,"column":null}},"4":{"start":{"line":15,"column":8},"end":{"line":15,"column":null}},"5":{"start":{"line":18,"column":8},"end":{"line":18,"column":null}},"6":{"start":{"line":3,"column":0},"end":{"line":3,"column":13}},"7":{"start":{"line":27,"column":8},"end":{"line":27,"column":null}},"8":{"start":{"line":31,"column":8},"end":{"line":31,"column":null}},"9":{"start":{"line":34,"column":8},"end":{"line":34,"column":null}},"10":{"start":{"line":37,"column":8},"end":{"line":37,"column":null}},"11":{"start":{"line":22,"column":0},"end":{"line":22,"column":13}}},"fnMap":{"0":{"name":"(anonymous_0)","decl":{"start":{"line":7,"column":4},"end":{"line":7,"column":16}},"loc":{"start":{"line":7,"column":32},"end":{"line":9,"column":5}}},"1":{"name":"(anonymous_1)","decl":{"start":{"line":11,"column":38},"end":{"line":11,"column":41}},"loc":{"start":{"line":11,"column":43},"end":{"line":13,"column":5}}},"2":{"name":"(anonymous_2)","decl":{"start":{"line":14,"column":4},"end":{"line":14,"column":21}},"loc":{"start":{"line":14,"column":21},"end":{"line":16,"column":5}}},"3":{"name":"(anonymous_3)","decl":{"start":{"line":17,"column":4},"end":{"line":17,"column":19}},"loc":{"start":{"line":17,"column":19},"end":{"line":19,"column":5}}},"4":{"name":"(anonymous_4)","decl":{"start":{"line":26,"column":4},"end":{"line":26,"column":16}},"loc":{"start":{"line":26,"column":32},"end":{"line":28,"column":5}}},"5":{"name":"(anonymous_5)","decl":{"start":{"line":30,"column":4},"end":{"line":30,"column":21}},"loc":{"start":{"line":30,"column":21},"end":{"line":32,"column":5}}},"6":{"name":"(anonymous_6)","decl":{"start":{"line":33,"column":4},"end":{"line":33,"column":21}},"loc":{"start":{"line":33,"column":21},"end":{"line":35,"column":5}}},"7":{"name":"(anonymous_7)","decl":{"start":{"line":36,"column":4},"end":{"line":36,"column":19}},"loc":{"start":{"line":36,"column":19},"end":{"line":38,"column":5}}}},"branchMap":{},"s":{"0":5,"1":66,"2":66,"3":0,"4":0,"5":0,"6":5,"7":66,"8":0,"9":0,"10":0,"11":5},"f":{"0":66,"1":0,"2":0,"3":0,"4":66,"5":0,"6":0,"7":0},"b":{}}
,"C:\\Users\\theoa\\Documents\\pissflix\\src\\modules\\movies\\repos\\tmdb\\subtypes\\tmdbRepo.ts": {"path":"C:\\Users\\theoa\\Documents\\pissflix\\src\\modules\\movies\\repos\\tmdb\\subtypes\\tmdbRepo.ts","statementMap":{"0":{"start":{"line":1,"column":0},"end":{"line":1,"column":25}},"1":{"start":{"line":2,"column":0},"end":{"line":2,"column":61}},"2":{"start":{"line":3,"column":0},"end":{"line":3,"column":65}},"3":{"start":{"line":4,"column":0},"end":{"line":4,"column":54}},"4":{"start":{"line":5,"column":0},"end":{"line":5,"column":69}},"5":{"start":{"line":7,"column":0},"end":{"line":7,"column":66}},"6":{"start":{"line":14,"column":12},"end":{"line":18,"column":2}},"7":{"start":{"line":19,"column":16},"end":{"line":19,"column":47}},"8":{"start":{"line":20,"column":26},"end":{"line":20,"column":53}},"9":{"start":{"line":21,"column":22},"end":{"line":21,"column":45}},"10":{"start":{"line":23,"column":27},"end":{"line":48,"column":6}},"11":{"start":{"line":24,"column":4},"end":{"line":48,"column":6}},"12":{"start":{"line":29,"column":49},"end":{"line":32,"column":10}},"13":{"start":{"line":51,"column":4},"end":{"line":52,"column":null}},"14":{"start":{"line":52,"column":8},"end":{"line":52,"column":61}},"15":{"start":{"line":53,"column":4},"end":{"line":54,"column":null}},"16":{"start":{"line":54,"column":8},"end":{"line":54,"column":72}},"17":{"start":{"line":55,"column":4},"end":{"line":59,"column":null}},"18":{"start":{"line":56,"column":8},"end":{"line":58,"column":null}},"19":{"start":{"line":64,"column":8},"end":{"line":117,"column":null}},"20":{"start":{"line":65,"column":29},"end":{"line":65,"column":67}},"21":{"start":{"line":66,"column":12},"end":{"line":114,"column":null}},"22":{"start":{"line":67,"column":54},"end":{"line":67,"column":67}},"23":{"start":{"line":68,"column":16},"end":{"line":109,"column":null}},"24":{"start":{"line":93,"column":60},"end":{"line":96,"column":26}},"25":{"start":{"line":99,"column":32},"end":{"line":101,"column":null}},"26":{"start":{"line":106,"column":32},"end":{"line":106,"column":73}},"27":{"start":{"line":111,"column":16},"end":{"line":113,"column":null}},"28":{"start":{"line":116,"column":12},"end":{"line":116,"column":null}},"29":{"start":{"line":123,"column":8},"end":{"line":155,"column":null}},"30":{"start":{"line":124,"column":29},"end":{"line":134,"column":null}},"31":{"start":{"line":135,"column":12},"end":{"line":152,"column":null}},"32":{"start":{"line":137,"column":62},"end":{"line":137,"column":75}},"33":{"start":{"line":138,"column":16},"end":{"line":142,"column":null}},"34":{"start":{"line":144,"column":16},"end":{"line":151,"column":null}},"35":{"start":{"line":154,"column":12},"end":{"line":154,"column":null}},"36":{"start":{"line":158,"column":8},"end":{"line":182,"column":null}},"37":{"start":{"line":159,"column":29},"end":{"line":165,"column":null}},"38":{"start":{"line":163,"column":47},"end":{"line":163,"column":57}},"39":{"start":{"line":167,"column":12},"end":{"line":179,"column":null}},"40":{"start":{"line":168,"column":62},"end":{"line":168,"column":75}},"41":{"start":{"line":169,"column":16},"end":{"line":173,"column":null}},"42":{"start":{"line":175,"column":16},"end":{"line":178,"column":null}},"43":{"start":{"line":181,"column":12},"end":{"line":181,"column":null}},"44":{"start":{"line":188,"column":8},"end":{"line":214,"column":null}},"45":{"start":{"line":189,"column":29},"end":{"line":195,"column":null}},"46":{"start":{"line":193,"column":53},"end":{"line":193,"column":65}},"47":{"start":{"line":197,"column":12},"end":{"line":211,"column":null}},"48":{"start":{"line":198,"column":62},"end":{"line":198,"column":75}},"49":{"start":{"line":199,"column":16},"end":{"line":203,"column":null}},"50":{"start":{"line":205,"column":16},"end":{"line":210,"column":null}},"51":{"start":{"line":213,"column":12},"end":{"line":213,"column":null}},"52":{"start":{"line":62,"column":0},"end":{"line":62,"column":13}}},"fnMap":{"0":{"name":"(anonymous_8)","decl":{"start":{"line":23,"column":27},"end":{"line":23,"column":28}},"loc":{"start":{"line":24,"column":4},"end":{"line":48,"column":6}}},"1":{"name":"(anonymous_9)","decl":{"start":{"line":29,"column":37},"end":{"line":29,"column":38}},"loc":{"start":{"line":29,"column":49},"end":{"line":32,"column":10}}},"2":{"name":"(anonymous_10)","decl":{"start":{"line":50,"column":0},"end":{"line":50,"column":6}},"loc":{"start":{"line":50,"column":0},"end":{"line":60,"column":1}}},"3":{"name":"(anonymous_11)","decl":{"start":{"line":51,"column":25},"end":{"line":51,"column":39}},"loc":{"start":{"line":52,"column":8},"end":{"line":52,"column":61}}},"4":{"name":"(anonymous_12)","decl":{"start":{"line":53,"column":16},"end":{"line":53,"column":17}},"loc":{"start":{"line":54,"column":8},"end":{"line":54,"column":72}}},"5":{"name":"(anonymous_13)","decl":{"start":{"line":55,"column":20},"end":{"line":55,"column":34}},"loc":{"start":{"line":56,"column":8},"end":{"line":58,"column":null}}},"6":{"name":"(anonymous_14)","decl":{"start":{"line":63,"column":10},"end":{"line":63,"column":22}},"loc":{"start":{"line":63,"column":33},"end":{"line":118,"column":null}}},"7":{"name":"(anonymous_16)","decl":{"start":{"line":93,"column":48},"end":{"line":93,"column":49}},"loc":{"start":{"line":93,"column":60},"end":{"line":96,"column":26}}},"8":{"name":"(anonymous_17)","decl":{"start":{"line":98,"column":28},"end":{"line":98,"column":29}},"loc":{"start":{"line":99,"column":32},"end":{"line":101,"column":null}}},"9":{"name":"(anonymous_18)","decl":{"start":{"line":105,"column":28},"end":{"line":105,"column":29}},"loc":{"start":{"line":106,"column":32},"end":{"line":106,"column":73}}},"10":{"name":"(anonymous_19)","decl":{"start":{"line":119,"column":10},"end":{"line":119,"column":33}},"loc":{"start":{"line":121,"column":21},"end":{"line":156,"column":null}}},"11":{"name":"(anonymous_21)","decl":{"start":{"line":157,"column":10},"end":{"line":157,"column":26}},"loc":{"start":{"line":157,"column":49},"end":{"line":183,"column":null}}},"12":{"name":"(anonymous_23)","decl":{"start":{"line":163,"column":40},"end":{"line":163,"column":41}},"loc":{"start":{"line":163,"column":47},"end":{"line":163,"column":57}}},"13":{"name":"(anonymous_24)","decl":{"start":{"line":185,"column":10},"end":{"line":185,"column":29}},"loc":{"start":{"line":186,"column":39},"end":{"line":215,"column":null}}},"14":{"name":"(anonymous_26)","decl":{"start":{"line":193,"column":43},"end":{"line":193,"column":44}},"loc":{"start":{"line":193,"column":53},"end":{"line":193,"column":65}}}},"branchMap":{"0":{"loc":{"start":{"line":26,"column":20},"end":{"line":28,"column":31}},"type":"cond-expr","locations":[{"start":{"line":27,"column":14},"end":{"line":27,"column":59}},{"start":{"line":28,"column":14},"end":{"line":28,"column":31}}]},"1":{"loc":{"start":{"line":39,"column":16},"end":{"line":41,"column":27}},"type":"cond-expr","locations":[{"start":{"line":40,"column":14},"end":{"line":40,"column":53}},{"start":{"line":41,"column":14},"end":{"line":41,"column":27}}]},"2":{"loc":{"start":{"line":66,"column":12},"end":{"line":114,"column":null}},"type":"if","locations":[{"start":{"line":66,"column":12},"end":{"line":114,"column":null}},{"start":{"line":110,"column":19},"end":{"line":114,"column":null}}]},"3":{"loc":{"start":{"line":73,"column":36},"end":{"line":77,"column":47}},"type":"cond-expr","locations":[{"start":{"line":74,"column":30},"end":{"line":75,"column":null}},{"start":{"line":77,"column":30},"end":{"line":77,"column":47}}]},"4":{"loc":{"start":{"line":79,"column":34},"end":{"line":79,"column":68}},"type":"cond-expr","locations":[{"start":{"line":79,"column":50},"end":{"line":79,"column":63}},{"start":{"line":79,"column":66},"end":{"line":79,"column":68}}]},"5":{"loc":{"start":{"line":81,"column":32},"end":{"line":83,"column":43}},"type":"cond-expr","locations":[{"start":{"line":82,"column":30},"end":{"line":82,"column":77}},{"start":{"line":83,"column":30},"end":{"line":83,"column":43}}]},"6":{"loc":{"start":{"line":85,"column":33},"end":{"line":85,"column":64}},"type":"cond-expr","locations":[{"start":{"line":85,"column":48},"end":{"line":85,"column":60}},{"start":{"line":85,"column":63},"end":{"line":85,"column":64}}]},"7":{"loc":{"start":{"line":87,"column":32},"end":{"line":87,"column":52}},"type":"binary-expr","locations":[{"start":{"line":87,"column":32},"end":{"line":87,"column":44}},{"start":{"line":87,"column":48},"end":{"line":87,"column":52}}]},"8":{"loc":{"start":{"line":90,"column":31},"end":{"line":92,"column":45}},"type":"cond-expr","locations":[{"start":{"line":91,"column":30},"end":{"line":91,"column":49}},{"start":{"line":92,"column":30},"end":{"line":92,"column":45}}]},"9":{"loc":{"start":{"line":111,"column":23},"end":{"line":113,"column":67}},"type":"cond-expr","locations":[{"start":{"line":112,"column":22},"end":{"line":112,"column":69}},{"start":{"line":113,"column":22},"end":{"line":113,"column":67}}]},"10":{"loc":{"start":{"line":135,"column":12},"end":{"line":152,"column":null}},"type":"if","locations":[{"start":{"line":135,"column":12},"end":{"line":152,"column":null}},{"start":{"line":143,"column":19},"end":{"line":152,"column":null}}]},"11":{"loc":{"start":{"line":135,"column":16},"end":{"line":135,"column":74}},"type":"binary-expr","locations":[{"start":{"line":135,"column":16},"end":{"line":135,"column":38}},{"start":{"line":135,"column":42},"end":{"line":135,"column":74}}]},"12":{"loc":{"start":{"line":144,"column":23},"end":{"line":151,"column":69}},"type":"cond-expr","locations":[{"start":{"line":146,"column":22},"end":{"line":149,"column":null}},{"start":{"line":151,"column":22},"end":{"line":151,"column":69}}]},"13":{"loc":{"start":{"line":144,"column":23},"end":{"line":145,"column":53}},"type":"binary-expr","locations":[{"start":{"line":144,"column":23},"end":{"line":144,"column":45}},{"start":{"line":145,"column":20},"end":{"line":145,"column":53}}]},"14":{"loc":{"start":{"line":162,"column":24},"end":{"line":164,"column":null}},"type":"cond-expr","locations":[{"start":{"line":163,"column":30},"end":{"line":163,"column":68}},{"start":{"line":164,"column":30},"end":{"line":164,"column":null}}]},"15":{"loc":{"start":{"line":167,"column":12},"end":{"line":179,"column":null}},"type":"if","locations":[{"start":{"line":167,"column":12},"end":{"line":179,"column":null}},{"start":{"line":174,"column":19},"end":{"line":179,"column":null}}]},"16":{"loc":{"start":{"line":167,"column":16},"end":{"line":167,"column":74}},"type":"binary-expr","locations":[{"start":{"line":167,"column":16},"end":{"line":167,"column":38}},{"start":{"line":167,"column":42},"end":{"line":167,"column":74}}]},"17":{"loc":{"start":{"line":175,"column":23},"end":{"line":178,"column":69}},"type":"cond-expr","locations":[{"start":{"line":177,"column":22},"end":{"line":177,"column":78}},{"start":{"line":178,"column":22},"end":{"line":178,"column":69}}]},"18":{"loc":{"start":{"line":175,"column":23},"end":{"line":176,"column":53}},"type":"binary-expr","locations":[{"start":{"line":175,"column":23},"end":{"line":175,"column":45}},{"start":{"line":176,"column":20},"end":{"line":176,"column":53}}]},"19":{"loc":{"start":{"line":192,"column":24},"end":{"line":194,"column":null}},"type":"cond-expr","locations":[{"start":{"line":193,"column":30},"end":{"line":193,"column":76}},{"start":{"line":194,"column":30},"end":{"line":194,"column":null}}]},"20":{"loc":{"start":{"line":197,"column":12},"end":{"line":211,"column":null}},"type":"if","locations":[{"start":{"line":197,"column":12},"end":{"line":211,"column":null}},{"start":{"line":204,"column":19},"end":{"line":211,"column":null}}]},"21":{"loc":{"start":{"line":197,"column":16},"end":{"line":197,"column":74}},"type":"binary-expr","locations":[{"start":{"line":197,"column":16},"end":{"line":197,"column":38}},{"start":{"line":197,"column":42},"end":{"line":197,"column":74}}]},"22":{"loc":{"start":{"line":205,"column":23},"end":{"line":210,"column":69}},"type":"cond-expr","locations":[{"start":{"line":207,"column":22},"end":{"line":208,"column":null}},{"start":{"line":210,"column":22},"end":{"line":210,"column":69}}]},"23":{"loc":{"start":{"line":205,"column":23},"end":{"line":206,"column":53}},"type":"binary-expr","locations":[{"start":{"line":205,"column":23},"end":{"line":205,"column":45}},{"start":{"line":206,"column":20},"end":{"line":206,"column":53}}]}},"s":{"0":5,"1":5,"2":5,"3":5,"4":5,"5":5,"6":5,"7":5,"8":5,"9":5,"10":5,"11":60,"12":169,"13":3,"14":0,"15":3,"16":2,"17":3,"18":1,"19":2,"20":2,"21":1,"22":1,"23":1,"24":3,"25":1,"26":1,"27":0,"28":1,"29":2,"30":2,"31":2,"32":1,"33":1,"34":1,"35":0,"36":0,"37":0,"38":0,"39":0,"40":0,"41":0,"42":0,"43":0,"44":3,"45":3,"46":2,"47":3,"48":2,"49":2,"50":1,"51":0,"52":5},"f":{"0":60,"1":169,"2":3,"3":0,"4":2,"5":1,"6":2,"7":3,"8":1,"9":1,"10":2,"11":0,"12":0,"13":3,"14":2},"b":{"0":[60,0],"1":[60,0],"2":[1,0],"3":[1,0],"4":[1,0],"5":[1,0],"6":[1,0],"7":[1,0],"8":[1,0],"9":[0,0],"10":[1,1],"11":[2,2],"12":[1,0],"13":[1,1],"14":[0,0],"15":[0,0],"16":[0,0],"17":[0,0],"18":[0,0],"19":[1,2],"20":[2,1],"21":[3,3],"22":[1,0],"23":[1,1]}}
,"C:\\Users\\theoa\\Documents\\pissflix\\src\\modules\\movies\\useCases\\getMovieById.ts": {"path":"C:\\Users\\theoa\\Documents\\pissflix\\src\\modules\\movies\\useCases\\getMovieById.ts","statementMap":{"0":{"start":{"line":6,"column":73},"end":{"line":14,"column":1}},"1":{"start":{"line":13,"column":4},"end":{"line":13,"column":null}},"2":{"start":{"line":6,"column":13},"end":{"line":6,"column":73}}},"fnMap":{"0":{"name":"(anonymous_0)","decl":{"start":{"line":6,"column":73},"end":{"line":6,"column":null}},"loc":{"start":{"line":9,"column":28},"end":{"line":14,"column":1}}}},"branchMap":{},"s":{"0":1,"1":2,"2":1},"f":{"0":2},"b":{}}
,"C:\\Users\\theoa\\Documents\\pissflix\\src\\modules\\movies\\useCases\\getMoviesByDecade.ts": {"path":"C:\\Users\\theoa\\Documents\\pissflix\\src\\modules\\movies\\useCases\\getMoviesByDecade.ts","statementMap":{"0":{"start":{"line":13,"column":4},"end":{"line":16,"column":null}},"1":{"start":{"line":6,"column":0},"end":{"line":6,"column":16}}},"fnMap":{"0":{"name":"getMoviesByDecade","decl":{"start":{"line":6,"column":16},"end":{"line":6,"column":33}},"loc":{"start":{"line":8,"column":27},"end":{"line":17,"column":1}}}},"branchMap":{},"s":{"0":1,"1":1},"f":{"0":1},"b":{}}
,"C:\\Users\\theoa\\Documents\\pissflix\\src\\modules\\movies\\useCases\\getMoviesByGenre.ts": {"path":"C:\\Users\\theoa\\Documents\\pissflix\\src\\modules\\movies\\useCases\\getMoviesByGenre.ts","statementMap":{"0":{"start":{"line":13,"column":4},"end":{"line":13,"column":null}},"1":{"start":{"line":6,"column":0},"end":{"line":6,"column":16}}},"fnMap":{"0":{"name":"getMoviesByGenre","decl":{"start":{"line":6,"column":16},"end":{"line":6,"column":32}},"loc":{"start":{"line":8,"column":16},"end":{"line":14,"column":1}}}},"branchMap":{},"s":{"0":2,"1":1},"f":{"0":2},"b":{}}
,"C:\\Users\\theoa\\Documents\\pissflix\\src\\modules\\movies\\useCases\\getMoviesByRegion.ts": {"path":"C:\\Users\\theoa\\Documents\\pissflix\\src\\modules\\movies\\useCases\\getMoviesByRegion.ts","statementMap":{"0":{"start":{"line":4,"column":0},"end":{"line":4,"column":47}},"1":{"start":{"line":14,"column":4},"end":{"line":18,"column":null}},"2":{"start":{"line":16,"column":26},"end":{"line":16,"column":64}},"3":{"start":{"line":7,"column":0},"end":{"line":7,"column":16}}},"fnMap":{"0":{"name":"getMoviesByRegion","decl":{"start":{"line":7,"column":16},"end":{"line":7,"column":33}},"loc":{"start":{"line":9,"column":18},"end":{"line":19,"column":1}}},"1":{"name":"(anonymous_1)","decl":{"start":{"line":16,"column":12},"end":{"line":16,"column":13}},"loc":{"start":{"line":16,"column":26},"end":{"line":16,"column":64}}}},"branchMap":{},"s":{"0":1,"1":1,"2":1,"3":1},"f":{"0":1,"1":1},"b":{}}
,"C:\\Users\\theoa\\Documents\\pissflix\\src\\shared\\Objects\\result.ts": {"path":"C:\\Users\\theoa\\Documents\\pissflix\\src\\shared\\Objects\\result.ts","statementMap":{"0":{"start":{"line":8,"column":8},"end":{"line":12,"column":null}},"1":{"start":{"line":9,"column":12},"end":{"line":11,"column":null}},"2":{"start":{"line":13,"column":8},"end":{"line":17,"column":null}},"3":{"start":{"line":14,"column":12},"end":{"line":16,"column":null}},"4":{"start":{"line":19,"column":8},"end":{"line":19,"column":null}},"5":{"start":{"line":20,"column":8},"end":{"line":20,"column":null}},"6":{"start":{"line":21,"column":8},"end":{"line":21,"column":null}},"7":{"start":{"line":22,"column":8},"end":{"line":22,"column":null}},"8":{"start":{"line":24,"column":8},"end":{"line":24,"column":null}},"9":{"start":{"line":28,"column":8},"end":{"line":33,"column":null}},"10":{"start":{"line":29,"column":12},"end":{"line":29,"column":null}},"11":{"start":{"line":30,"column":12},"end":{"line":32,"column":null}},"12":{"start":{"line":35,"column":8},"end":{"line":35,"column":null}},"13":{"start":{"line":39,"column":8},"end":{"line":39,"column":null}},"14":{"start":{"line":43,"column":8},"end":{"line":43,"column":null}},"15":{"start":{"line":47,"column":8},"end":{"line":47,"column":null}},"16":{"start":{"line":1,"column":0},"end":{"line":1,"column":13}}},"fnMap":{"0":{"name":"(anonymous_0)","decl":{"start":{"line":7,"column":4},"end":{"line":7,"column":23}},"loc":{"start":{"line":7,"column":68},"end":{"line":25,"column":5}}},"1":{"name":"(anonymous_1)","decl":{"start":{"line":27,"column":11},"end":{"line":27,"column":19}},"loc":{"start":{"line":27,"column":19},"end":{"line":36,"column":5}}},"2":{"name":"(anonymous_2)","decl":{"start":{"line":38,"column":11},"end":{"line":38,"column":21}},"loc":{"start":{"line":38,"column":21},"end":{"line":40,"column":5}}},"3":{"name":"(anonymous_3)","decl":{"start":{"line":42,"column":11},"end":{"line":42,"column":17}},"loc":{"start":{"line":42,"column":33},"end":{"line":44,"column":5}}},"4":{"name":"(anonymous_4)","decl":{"start":{"line":46,"column":11},"end":{"line":46,"column":17}},"loc":{"start":{"line":46,"column":39},"end":{"line":48,"column":5}}}},"branchMap":{"0":{"loc":{"start":{"line":8,"column":8},"end":{"line":12,"column":null}},"type":"if","locations":[{"start":{"line":8,"column":8},"end":{"line":12,"column":null}}]},"1":{"loc":{"start":{"line":8,"column":12},"end":{"line":8,"column":30}},"type":"binary-expr","locations":[{"start":{"line":8,"column":12},"end":{"line":8,"column":21}},{"start":{"line":8,"column":25},"end":{"line":8,"column":30}}]},"2":{"loc":{"start":{"line":13,"column":8},"end":{"line":17,"column":null}},"type":"if","locations":[{"start":{"line":13,"column":8},"end":{"line":17,"column":null}}]},"3":{"loc":{"start":{"line":13,"column":12},"end":{"line":13,"column":32}},"type":"binary-expr","locations":[{"start":{"line":13,"column":12},"end":{"line":13,"column":22}},{"start":{"line":13,"column":26},"end":{"line":13,"column":32}}]},"4":{"loc":{"start":{"line":28,"column":8},"end":{"line":33,"column":null}},"type":"if","locations":[{"start":{"line":28,"column":8},"end":{"line":33,"column":null}}]}},"s":{"0":13,"1":0,"2":13,"3":0,"4":13,"5":13,"6":13,"7":13,"8":13,"9":30,"10":0,"11":0,"12":30,"13":5,"14":0,"15":0,"16":5},"f":{"0":13,"1":30,"2":5,"3":0,"4":0},"b":{"0":[0],"1":[13,8],"2":[0],"3":[13,5],"4":[0]}}
,"C:\\Users\\theoa\\Documents\\pissflix\\src\\shared\\config\\tmdb.config.ts": {"path":"C:\\Users\\theoa\\Documents\\pissflix\\src\\shared\\config\\tmdb.config.ts","statementMap":{"0":{"start":{"line":1,"column":0},"end":{"line":1,"column":32}},"1":{"start":{"line":2,"column":0},"end":{"line":2,"column":null}},"2":{"start":{"line":4,"column":0},"end":{"line":6,"column":null}}},"fnMap":{},"branchMap":{},"s":{"0":5,"1":5,"2":5},"f":{},"b":{}}
,"C:\\Users\\theoa\\Documents\\pissflix\\src\\shared\\ui\\msxUIComponents\\menuObject.ts": {"path":"C:\\Users\\theoa\\Documents\\pissflix\\src\\shared\\ui\\msxUIComponents\\menuObject.ts","statementMap":{"0":{"start":{"line":81,"column":8},"end":{"line":81,"column":null}},"1":{"start":{"line":82,"column":8},"end":{"line":82,"column":null}},"2":{"start":{"line":83,"column":8},"end":{"line":83,"column":null}},"3":{"start":{"line":84,"column":8},"end":{"line":84,"column":null}},"4":{"start":{"line":85,"column":8},"end":{"line":85,"column":null}},"5":{"start":{"line":86,"column":8},"end":{"line":86,"column":null}},"6":{"start":{"line":87,"column":8},"end":{"line":87,"column":null}},"7":{"start":{"line":88,"column":8},"end":{"line":88,"column":null}},"8":{"start":{"line":89,"column":8},"end":{"line":89,"column":null}},"9":{"start":{"line":90,"column":8},"end":{"line":90,"column":null}},"10":{"start":{"line":91,"column":8},"end":{"line":91,"column":null}},"11":{"start":{"line":92,"column":8},"end":{"line":92,"column":null}},"12":{"start":{"line":93,"column":8},"end":{"line":93,"column":null}},"13":{"start":{"line":94,"column":8},"end":{"line":94,"column":null}},"14":{"start":{"line":95,"column":8},"end":{"line":95,"column":null}},"15":{"start":{"line":96,"column":8},"end":{"line":96,"column":null}},"16":{"start":{"line":97,"column":8},"end":{"line":97,"column":null}},"17":{"start":{"line":62,"column":0},"end":{"line":62,"column":13}},"18":{"start":{"line":119,"column":8},"end":{"line":119,"column":null}},"19":{"start":{"line":120,"column":8},"end":{"line":120,"column":null}},"20":{"start":{"line":121,"column":8},"end":{"line":121,"column":null}},"21":{"start":{"line":122,"column":8},"end":{"line":122,"column":null}},"22":{"start":{"line":123,"column":8},"end":{"line":123,"column":null}},"23":{"start":{"line":124,"column":8},"end":{"line":124,"column":null}},"24":{"start":{"line":125,"column":8},"end":{"line":125,"column":null}},"25":{"start":{"line":126,"column":8},"end":{"line":126,"column":null}},"26":{"start":{"line":127,"column":8},"end":{"line":127,"column":null}},"27":{"start":{"line":128,"column":8},"end":{"line":128,"column":null}},"28":{"start":{"line":129,"column":8},"end":{"line":129,"column":null}},"29":{"start":{"line":130,"column":8},"end":{"line":130,"column":null}},"30":{"start":{"line":131,"column":8},"end":{"line":131,"column":null}},"31":{"start":{"line":132,"column":8},"end":{"line":132,"column":null}},"32":{"start":{"line":133,"column":8},"end":{"line":133,"column":null}},"33":{"start":{"line":134,"column":8},"end":{"line":134,"column":null}},"34":{"start":{"line":101,"column":0},"end":{"line":101,"column":13}}},"fnMap":{"0":{"name":"(anonymous_0)","decl":{"start":{"line":80,"column":4},"end":{"line":80,"column":16}},"loc":{"start":{"line":80,"column":32},"end":{"line":98,"column":5}}},"1":{"name":"(anonymous_1)","decl":{"start":{"line":118,"column":4},"end":{"line":118,"column":16}},"loc":{"start":{"line":118,"column":36},"end":{"line":135,"column":5}}}},"branchMap":{},"s":{"0":0,"1":0,"2":0,"3":0,"4":0,"5":0,"6":0,"7":0,"8":0,"9":0,"10":0,"11":0,"12":0,"13":0,"14":0,"15":0,"16":0,"17":0,"18":0,"19":0,"20":0,"21":0,"22":0,"23":0,"24":0,"25":0,"26":0,"27":0,"28":0,"29":0,"30":0,"31":0,"32":0,"33":0,"34":0},"f":{"0":0,"1":0},"b":{}}
}
