TN:
SF:src\index.ts
FNF:0
FNH:0
DA:1,0
LF:1
LH:0
BRF:0
BRH:0
end_of_record
TN:
SF:src\core\config\tmdb.config.ts
FNF:0
FNH:0
DA:1,5
DA:2,5
DA:4,5
LF:3
LH:3
BRF:0
BRH:0
end_of_record
TN:
SF:src\core\sharedObjects\result.ts
FN:7,(anonymous_0)
FN:27,(anonymous_1)
FN:38,(anonymous_2)
FN:42,(anonymous_3)
FN:46,(anonymous_4)
FNF:5
FNH:3
FNDA:15,(anonymous_0)
FNDA:32,(anonymous_1)
FNDA:6,(anonymous_2)
FNDA:0,(anonymous_3)
FNDA:0,(anonymous_4)
DA:1,5
DA:8,15
DA:9,0
DA:13,15
DA:14,0
DA:19,15
DA:20,15
DA:21,15
DA:22,15
DA:24,15
DA:28,32
DA:29,0
DA:30,0
DA:35,32
DA:39,6
DA:43,0
DA:47,0
LF:17
LH:11
BRDA:8,0,0,0
BRDA:8,1,0,15
BRDA:8,1,1,9
BRDA:13,2,0,0
BRDA:13,3,0,15
BRDA:13,3,1,6
BRDA:28,4,0,0
BRF:7
BRH:4
end_of_record
TN:
SF:src\data\movies\repos\tmdb\index.ts
FN:3,(anonymous_0)
FNF:1
FNH:1
FNDA:5,(anonymous_0)
DA:1,5
DA:3,10
LF:2
LH:2
BRF:0
BRH:0
end_of_record
TN:
SF:src\data\movies\repos\tmdb\subtypes\tmdbImage.ts
FN:7,(anonymous_0)
FN:11,(anonymous_1)
FN:14,(anonymous_2)
FN:17,(anonymous_3)
FN:26,(anonymous_4)
FN:30,(anonymous_5)
FN:33,(anonymous_6)
FN:36,(anonymous_7)
FNF:8
FNH:2
FNDA:85,(anonymous_0)
FNDA:0,(anonymous_1)
FNDA:0,(anonymous_2)
FNDA:0,(anonymous_3)
FNDA:86,(anonymous_4)
FNDA:0,(anonymous_5)
FNDA:0,(anonymous_6)
FNDA:0,(anonymous_7)
DA:1,5
DA:3,5
DA:8,85
DA:11,85
DA:12,0
DA:15,0
DA:18,0
DA:22,5
DA:27,86
DA:31,0
DA:34,0
DA:37,0
LF:12
LH:6
BRF:0
BRH:0
end_of_record
TN:
SF:src\data\movies\repos\tmdb\subtypes\tmdbRepo.ts
FN:27,(anonymous_8)
FN:33,(anonymous_9)
FN:54,(anonymous_10)
FN:55,(anonymous_11)
FN:57,(anonymous_12)
FN:59,(anonymous_13)
FN:67,(anonymous_14)
FN:97,(anonymous_16)
FN:102,(anonymous_17)
FN:109,(anonymous_18)
FN:123,(anonymous_19)
FN:161,(anonymous_21)
FN:167,(anonymous_23)
FN:189,(anonymous_24)
FN:197,(anonymous_26)
FNF:15
FNH:13
FNDA:80,(anonymous_8)
FNDA:233,(anonymous_9)
FNDA:4,(anonymous_10)
FNDA:0,(anonymous_11)
FNDA:3,(anonymous_12)
FNDA:1,(anonymous_13)
FNDA:2,(anonymous_14)
FNDA:3,(anonymous_16)
FNDA:1,(anonymous_17)
FNDA:1,(anonymous_18)
FNDA:2,(anonymous_19)
FNDA:2,(anonymous_21)
FNDA:0,(anonymous_23)
FNDA:3,(anonymous_24)
FNDA:2,(anonymous_26)
DA:1,5
DA:2,5
DA:8,5
DA:14,5
DA:15,5
DA:16,5
DA:18,5
DA:23,5
DA:24,5
DA:25,5
DA:27,5
DA:28,80
DA:33,233
DA:55,4
DA:56,0
DA:57,4
DA:58,3
DA:59,4
DA:60,1
DA:66,5
DA:68,2
DA:69,2
DA:70,1
DA:71,1
DA:72,1
DA:97,3
DA:103,1
DA:110,1
DA:115,0
DA:120,1
DA:127,2
DA:128,2
DA:139,2
DA:141,1
DA:142,1
DA:148,1
DA:158,0
DA:162,2
DA:163,2
DA:167,0
DA:171,2
DA:172,1
DA:173,1
DA:179,1
DA:185,0
DA:192,3
DA:193,3
DA:197,2
DA:201,3
DA:202,2
DA:203,2
DA:209,1
DA:217,0
LF:53
LH:47
BRDA:30,0,0,79
BRDA:30,0,1,1
BRDA:43,1,0,80
BRDA:43,1,1,0
BRDA:70,2,0,1
BRDA:70,2,1,0
BRDA:77,3,0,1
BRDA:77,3,1,0
BRDA:83,4,0,1
BRDA:83,4,1,0
BRDA:85,5,0,1
BRDA:85,5,1,0
BRDA:89,6,0,1
BRDA:89,6,1,0
BRDA:91,7,0,1
BRDA:91,7,1,0
BRDA:94,8,0,1
BRDA:94,8,1,0
BRDA:115,9,0,0
BRDA:115,9,1,0
BRDA:139,10,0,1
BRDA:139,10,1,1
BRDA:139,11,0,2
BRDA:139,11,1,2
BRDA:148,12,0,1
BRDA:148,12,1,0
BRDA:148,13,0,1
BRDA:148,13,1,1
BRDA:166,14,0,0
BRDA:166,14,1,2
BRDA:171,15,0,1
BRDA:171,15,1,1
BRDA:171,16,0,2
BRDA:171,16,1,2
BRDA:179,17,0,1
BRDA:179,17,1,0
BRDA:179,18,0,1
BRDA:179,18,1,1
BRDA:196,19,0,1
BRDA:196,19,1,2
BRDA:201,20,0,2
BRDA:201,20,1,1
BRDA:201,21,0,3
BRDA:201,21,1,3
BRDA:209,22,0,1
BRDA:209,22,1,0
BRDA:209,23,0,1
BRDA:209,23,1,1
BRF:48
BRH:34
end_of_record
TN:
SF:src\domain\movies\entities\movie.entity.ts
FN:40,(anonymous_0)
FNF:1
FNH:1
FNDA:81,(anonymous_0)
DA:23,5
DA:41,81
DA:42,81
DA:43,81
DA:44,81
DA:45,81
DA:46,81
DA:47,81
DA:48,81
DA:49,81
DA:50,81
DA:51,81
DA:52,81
DA:53,81
DA:54,81
DA:55,81
DA:56,81
LF:17
LH:17
BRF:0
BRH:0
end_of_record
TN:
SF:src\domain\movies\entities\subentities\country.class.ts
FN:6,(anonymous_0)
FNF:1
FNH:1
FNDA:1,(anonymous_0)
DA:1,5
DA:3,5
DA:7,1
DA:8,1
DA:9,1
DA:11,0
DA:12,0
LF:7
LH:5
BRDA:7,0,0,1
BRDA:7,0,1,0
BRF:2
BRH:1
end_of_record
TN:
SF:src\domain\movies\entities\subentities\image.type.ts
FN:7,(anonymous_0)
FN:16,(anonymous_1)
FN:19,(anonymous_2)
FN:22,(anonymous_3)
FNF:4
FNH:1
FNDA:171,(anonymous_0)
FNDA:0,(anonymous_1)
FNDA:0,(anonymous_2)
FNDA:0,(anonymous_3)
DA:3,5
DA:12,171
DA:13,171
DA:14,171
DA:17,0
DA:20,0
DA:23,0
LF:7
LH:4
BRDA:8,0,0,0
BRDA:9,1,0,0
BRDA:10,2,0,0
BRF:3
BRH:0
end_of_record
TN:
SF:src\domain\movies\entities\subentities\index.ts
FN:7,(anonymous_0)
FN:7,(anonymous_1)
FN:7,(anonymous_2)
FNF:3
FNH:3
FNDA:1,(anonymous_0)
FNDA:172,(anonymous_1)
FNDA:85,(anonymous_2)
DA:1,5
DA:3,5
DA:4,5
DA:7,177
LF:4
LH:4
BRF:0
BRH:0
end_of_record
TN:
SF:src\domain\movies\entities\subentities\languages.type.ts
FN:6,(anonymous_0)
FNF:1
FNH:1
FNDA:85,(anonymous_0)
DA:1,5
DA:3,5
DA:7,85
DA:8,83
DA:9,83
DA:11,2
DA:12,2
LF:7
LH:7
BRDA:7,0,0,83
BRDA:7,0,1,2
BRF:2
BRH:2
end_of_record
TN:
SF:src\domain\movies\routes\movies.routes.ts
FN:10,(anonymous_0)
FN:13,(anonymous_1)
FN:16,(anonymous_2)
FN:17,(anonymous_3)
FNF:4
FNH:0
FNDA:0,(anonymous_0)
FNDA:0,(anonymous_1)
FNDA:0,(anonymous_2)
FNDA:0,(anonymous_3)
DA:6,0
DA:8,0
DA:9,0
DA:11,0
DA:14,0
DA:17,0
DA:18,0
DA:20,0
LF:8
LH:0
BRDA:17,0,0,0
BRF:1
BRH:0
end_of_record
TN:
SF:src\domain\movies\useCases\getMovieById.ts
FN:6,(anonymous_0)
FNF:1
FNH:1
FNDA:2,(anonymous_0)
DA:6,1
DA:13,2
LF:2
LH:2
BRF:0
BRH:0
end_of_record
TN:
SF:src\domain\movies\useCases\getMoviesByDecade.ts
FN:6,getMoviesByDecade
FNF:1
FNH:1
FNDA:1,getMoviesByDecade
DA:6,1
DA:13,1
LF:2
LH:2
BRF:0
BRH:0
end_of_record
TN:
SF:src\domain\movies\useCases\getMoviesByGenre.ts
FN:6,getMoviesByGenre
FNF:1
FNH:1
FNDA:2,getMoviesByGenre
DA:6,1
DA:13,2
LF:2
LH:2
BRF:0
BRH:0
end_of_record
TN:
SF:src\domain\movies\useCases\getMoviesByRegion.ts
FN:7,getMoviesByRegion
FN:16,(anonymous_1)
FNF:2
FNH:2
FNDA:1,getMoviesByRegion
FNDA:1,(anonymous_1)
DA:4,1
DA:7,1
DA:14,1
DA:16,1
LF:4
LH:4
BRF:0
BRH:0
end_of_record
TN:
SF:src\presentation\msx\movies\index.ts
FN:6,createMoviesRegistry
FNF:1
FNH:0
FNDA:0,createMoviesRegistry
DA:2,0
DA:3,0
DA:4,0
DA:6,0
DA:7,0
DA:9,0
DA:14,0
LF:7
LH:0
BRF:0
BRH:0
end_of_record
TN:
SF:src\presentation\msx\movies\components\moviesMenu.ts
FN:8,(anonymous_0)
FNF:1
FNH:0
FNDA:0,(anonymous_0)
DA:2,0
DA:5,0
DA:6,0
DA:8,0
DA:11,0
DA:31,0
DA:33,0
DA:52,0
DA:71,0
DA:90,0
DA:109,0
DA:128,0
DA:129,0
DA:130,0
DA:131,0
DA:132,0
DA:133,0
DA:135,0
DA:137,0
LF:19
LH:0
BRF:0
BRH:0
end_of_record
TN:
SF:src\presentation\msx\movies\components\moviesRoutes.enum.ts
FN:1,(anonymous_0)
FNF:1
FNH:0
FNDA:0,(anonymous_0)
DA:1,0
DA:2,0
DA:3,0
DA:4,0
DA:5,0
DA:6,0
LF:6
LH:0
BRDA:1,0,0,0
BRDA:1,0,1,0
BRF:2
BRH:0
end_of_record
TN:
SF:src\presentation\msx\shared\contentObjects.ts
FN:58,(anonymous_0)
FN:80,(anonymous_1)
FN:84,(anonymous_2)
FN:90,(anonymous_3)
FN:208,(anonymous_4)
FN:293,(anonymous_5)
FN:309,(anonymous_6)
FN:310,(anonymous_7)
FNF:8
FNH:0
FNDA:0,(anonymous_0)
FNDA:0,(anonymous_1)
FNDA:0,(anonymous_2)
FNDA:0,(anonymous_3)
FNDA:0,(anonymous_4)
FNDA:0,(anonymous_5)
FNDA:0,(anonymous_6)
FNDA:0,(anonymous_7)
DA:35,0
DA:51,0
DA:52,0
DA:53,0
DA:59,0
DA:60,0
DA:61,0
DA:62,0
DA:63,0
DA:64,0
DA:65,0
DA:66,0
DA:67,0
DA:68,0
DA:69,0
DA:70,0
DA:71,0
DA:72,0
DA:73,0
DA:74,0
DA:75,0
DA:76,0
DA:77,0
DA:81,0
DA:85,0
DA:86,0
DA:87,0
DA:91,0
DA:92,0
DA:93,0
DA:155,0
DA:209,0
DA:210,0
DA:211,0
DA:212,0
DA:213,0
DA:214,0
DA:215,0
DA:216,0
DA:217,0
DA:218,0
DA:219,0
DA:220,0
DA:221,0
DA:222,0
DA:223,0
DA:224,0
DA:225,0
DA:226,0
DA:227,0
DA:228,0
DA:229,0
DA:230,0
DA:231,0
DA:232,0
DA:233,0
DA:234,0
DA:235,0
DA:236,0
DA:237,0
DA:238,0
DA:239,0
DA:240,0
DA:241,0
DA:242,0
DA:243,0
DA:244,0
DA:245,0
DA:246,0
DA:247,0
DA:248,0
DA:249,0
DA:250,0
DA:251,0
DA:252,0
DA:253,0
DA:254,0
DA:255,0
DA:256,0
DA:257,0
DA:258,0
DA:259,0
DA:260,0
DA:279,0
DA:294,0
DA:295,0
DA:296,0
DA:297,0
DA:298,0
DA:299,0
DA:300,0
DA:301,0
DA:302,0
DA:303,0
DA:304,0
DA:305,0
DA:306,0
DA:310,0
DA:311,0
DA:312,0
LF:100
LH:0
BRDA:85,0,0,0
BRDA:87,1,0,0
BRDA:87,1,1,0
BRDA:87,2,0,0
BRDA:87,2,1,0
BRDA:91,3,0,0
BRDA:93,4,0,0
BRDA:93,4,1,0
BRDA:93,5,0,0
BRDA:93,5,1,0
BRDA:310,6,0,0
BRF:11
BRH:0
end_of_record
TN:
SF:src\presentation\msx\shared\menuObject.ts
FN:78,(anonymous_0)
FN:98,(anonymous_1)
FN:99,(anonymous_2)
FN:104,(anonymous_3)
FN:104,(anonymous_4)
FN:130,(anonymous_5)
FNF:6
FNH:0
FNDA:0,(anonymous_0)
FNDA:0,(anonymous_1)
FNDA:0,(anonymous_2)
FNDA:0,(anonymous_3)
FNDA:0,(anonymous_4)
FNDA:0,(anonymous_5)
DA:60,0
DA:79,0
DA:80,0
DA:81,0
DA:82,0
DA:83,0
DA:84,0
DA:85,0
DA:86,0
DA:87,0
DA:88,0
DA:89,0
DA:90,0
DA:91,0
DA:92,0
DA:93,0
DA:94,0
DA:95,0
DA:99,0
DA:101,0
DA:103,0
DA:104,0
DA:107,0
DA:109,0
DA:113,0
DA:131,0
DA:132,0
DA:133,0
DA:134,0
DA:135,0
DA:136,0
DA:137,0
DA:138,0
DA:139,0
DA:140,0
DA:141,0
DA:142,0
DA:143,0
DA:144,0
DA:145,0
DA:146,0
LF:41
LH:0
BRDA:99,0,0,0
BRDA:103,1,0,0
BRDA:104,2,0,0
BRDA:104,2,1,0
BRF:4
BRH:0
end_of_record
