TN:
SF:src\index.ts
FNF:0
FNH:0
DA:1,0
LF:1
LH:0
BRF:0
BRH:0
end_of_record
TN:
SF:src\modules\movies\entities\movie.entity.ts
FN:40,(anonymous_0)
FNF:1
FNH:1
FNDA:61,(anonymous_0)
DA:23,5
DA:41,61
DA:42,61
DA:43,61
DA:44,61
DA:45,61
DA:46,61
DA:47,61
DA:48,61
DA:49,61
DA:50,61
DA:51,61
DA:52,61
DA:53,61
DA:54,61
DA:55,61
DA:56,61
LF:17
LH:17
BRF:0
BRH:0
end_of_record
TN:
SF:src\modules\movies\entities\subtypes\country.class.ts
FN:6,(anonymous_0)
FNF:1
FNH:1
FNDA:1,(anonymous_0)
DA:1,5
DA:3,5
DA:7,1
DA:8,1
DA:9,1
DA:11,0
DA:12,0
LF:7
LH:5
BRDA:7,0,0,1
BRDA:7,0,1,0
BRF:2
BRH:1
end_of_record
TN:
SF:src\modules\movies\entities\subtypes\image.type.ts
FN:7,(anonymous_0)
FN:16,(anonymous_1)
FN:19,(anonymous_2)
FN:22,(anonymous_3)
FNF:4
FNH:1
FNDA:132,(anonymous_0)
FNDA:0,(anonymous_1)
FNDA:0,(anonymous_2)
FNDA:0,(anonymous_3)
DA:3,5
DA:12,132
DA:13,132
DA:14,132
DA:17,0
DA:20,0
DA:23,0
LF:7
LH:4
BRDA:8,0,0,0
BRDA:9,1,0,0
BRDA:10,2,0,0
BRF:3
BRH:0
end_of_record
TN:
SF:src\modules\movies\entities\subtypes\index.ts
FN:7,(anonymous_0)
FN:7,(anonymous_1)
FN:7,(anonymous_2)
FNF:3
FNH:3
FNDA:1,(anonymous_0)
FNDA:93,(anonymous_1)
FNDA:65,(anonymous_2)
DA:1,5
DA:3,5
DA:4,5
DA:7,98
LF:4
LH:4
BRF:0
BRH:0
end_of_record
TN:
SF:src\modules\movies\entities\subtypes\languages.type.ts
FN:6,(anonymous_0)
FNF:1
FNH:1
FNDA:65,(anonymous_0)
DA:1,5
DA:3,5
DA:7,65
DA:8,63
DA:9,63
DA:11,2
DA:12,2
LF:7
LH:7
BRDA:7,0,0,63
BRDA:7,0,1,2
BRF:2
BRH:2
end_of_record
TN:
SF:src\modules\movies\repos\tmdb\index.ts
FN:3,(anonymous_0)
FNF:1
FNH:1
FNDA:5,(anonymous_0)
DA:1,5
DA:3,10
LF:2
LH:2
BRF:0
BRH:0
end_of_record
TN:
SF:src\modules\movies\repos\tmdb\subtypes\tmdbImage.ts
FN:7,(anonymous_0)
FN:11,(anonymous_1)
FN:14,(anonymous_2)
FN:17,(anonymous_3)
FN:26,(anonymous_4)
FN:30,(anonymous_5)
FN:33,(anonymous_6)
FN:36,(anonymous_7)
FNF:8
FNH:2
FNDA:66,(anonymous_0)
FNDA:0,(anonymous_1)
FNDA:0,(anonymous_2)
FNDA:0,(anonymous_3)
FNDA:66,(anonymous_4)
FNDA:0,(anonymous_5)
FNDA:0,(anonymous_6)
FNDA:0,(anonymous_7)
DA:1,5
DA:3,5
DA:8,66
DA:11,66
DA:12,0
DA:15,0
DA:18,0
DA:22,5
DA:27,66
DA:31,0
DA:34,0
DA:37,0
LF:12
LH:6
BRF:0
BRH:0
end_of_record
TN:
SF:src\modules\movies\repos\tmdb\subtypes\tmdbRepo.ts
FN:23,(anonymous_8)
FN:29,(anonymous_9)
FN:50,(anonymous_10)
FN:51,(anonymous_11)
FN:53,(anonymous_12)
FN:55,(anonymous_13)
FN:63,(anonymous_14)
FN:93,(anonymous_16)
FN:98,(anonymous_17)
FN:105,(anonymous_18)
FN:119,(anonymous_19)
FN:157,(anonymous_21)
FN:163,(anonymous_23)
FN:185,(anonymous_24)
FN:193,(anonymous_26)
FNF:15
FNH:12
FNDA:60,(anonymous_8)
FNDA:169,(anonymous_9)
FNDA:3,(anonymous_10)
FNDA:0,(anonymous_11)
FNDA:2,(anonymous_12)
FNDA:1,(anonymous_13)
FNDA:2,(anonymous_14)
FNDA:3,(anonymous_16)
FNDA:1,(anonymous_17)
FNDA:1,(anonymous_18)
FNDA:2,(anonymous_19)
FNDA:0,(anonymous_21)
FNDA:0,(anonymous_23)
FNDA:3,(anonymous_24)
FNDA:2,(anonymous_26)
DA:1,5
DA:2,5
DA:3,5
DA:4,5
DA:5,5
DA:7,5
DA:14,5
DA:19,5
DA:20,5
DA:21,5
DA:23,5
DA:24,60
DA:29,169
DA:51,3
DA:52,0
DA:53,3
DA:54,2
DA:55,3
DA:56,1
DA:62,5
DA:64,2
DA:65,2
DA:66,1
DA:67,1
DA:68,1
DA:93,3
DA:99,1
DA:106,1
DA:111,0
DA:116,1
DA:123,2
DA:124,2
DA:135,2
DA:137,1
DA:138,1
DA:144,1
DA:154,0
DA:158,0
DA:159,0
DA:163,0
DA:167,0
DA:168,0
DA:169,0
DA:175,0
DA:181,0
DA:188,3
DA:189,3
DA:193,2
DA:197,3
DA:198,2
DA:199,2
DA:205,1
DA:213,0
LF:53
LH:41
BRDA:26,0,0,60
BRDA:26,0,1,0
BRDA:39,1,0,60
BRDA:39,1,1,0
BRDA:66,2,0,1
BRDA:66,2,1,0
BRDA:73,3,0,1
BRDA:73,3,1,0
BRDA:79,4,0,1
BRDA:79,4,1,0
BRDA:81,5,0,1
BRDA:81,5,1,0
BRDA:85,6,0,1
BRDA:85,6,1,0
BRDA:87,7,0,1
BRDA:87,7,1,0
BRDA:90,8,0,1
BRDA:90,8,1,0
BRDA:111,9,0,0
BRDA:111,9,1,0
BRDA:135,10,0,1
BRDA:135,10,1,1
BRDA:135,11,0,2
BRDA:135,11,1,2
BRDA:144,12,0,1
BRDA:144,12,1,0
BRDA:144,13,0,1
BRDA:144,13,1,1
BRDA:162,14,0,0
BRDA:162,14,1,0
BRDA:167,15,0,0
BRDA:167,15,1,0
BRDA:167,16,0,0
BRDA:167,16,1,0
BRDA:175,17,0,0
BRDA:175,17,1,0
BRDA:175,18,0,0
BRDA:175,18,1,0
BRDA:192,19,0,1
BRDA:192,19,1,2
BRDA:197,20,0,2
BRDA:197,20,1,1
BRDA:197,21,0,3
BRDA:197,21,1,3
BRDA:205,22,0,1
BRDA:205,22,1,0
BRDA:205,23,0,1
BRDA:205,23,1,1
BRF:48
BRH:25
end_of_record
TN:
SF:src\modules\movies\useCases\getMovieById.ts
FN:6,(anonymous_0)
FNF:1
FNH:1
FNDA:2,(anonymous_0)
DA:6,1
DA:13,2
LF:2
LH:2
BRF:0
BRH:0
end_of_record
TN:
SF:src\modules\movies\useCases\getMoviesByDecade.ts
FN:6,getMoviesByDecade
FNF:1
FNH:1
FNDA:1,getMoviesByDecade
DA:6,1
DA:13,1
LF:2
LH:2
BRF:0
BRH:0
end_of_record
TN:
SF:src\modules\movies\useCases\getMoviesByGenre.ts
FN:6,getMoviesByGenre
FNF:1
FNH:1
FNDA:2,getMoviesByGenre
DA:6,1
DA:13,2
LF:2
LH:2
BRF:0
BRH:0
end_of_record
TN:
SF:src\modules\movies\useCases\getMoviesByRegion.ts
FN:7,getMoviesByRegion
FN:16,(anonymous_1)
FNF:2
FNH:2
FNDA:1,getMoviesByRegion
FNDA:1,(anonymous_1)
DA:4,1
DA:7,1
DA:14,1
DA:16,1
LF:4
LH:4
BRF:0
BRH:0
end_of_record
TN:
SF:src\shared\Objects\result.ts
FN:7,(anonymous_0)
FN:27,(anonymous_1)
FN:38,(anonymous_2)
FN:42,(anonymous_3)
FN:46,(anonymous_4)
FNF:5
FNH:3
FNDA:13,(anonymous_0)
FNDA:30,(anonymous_1)
FNDA:5,(anonymous_2)
FNDA:0,(anonymous_3)
FNDA:0,(anonymous_4)
DA:1,5
DA:8,13
DA:9,0
DA:13,13
DA:14,0
DA:19,13
DA:20,13
DA:21,13
DA:22,13
DA:24,13
DA:28,30
DA:29,0
DA:30,0
DA:35,30
DA:39,5
DA:43,0
DA:47,0
LF:17
LH:11
BRDA:8,0,0,0
BRDA:8,1,0,13
BRDA:8,1,1,8
BRDA:13,2,0,0
BRDA:13,3,0,13
BRDA:13,3,1,5
BRDA:28,4,0,0
BRF:7
BRH:4
end_of_record
TN:
SF:src\shared\config\tmdb.config.ts
FNF:0
FNH:0
DA:1,5
DA:2,5
DA:4,5
LF:3
LH:3
BRF:0
BRH:0
end_of_record
TN:
SF:src\shared\ui\msxUIComponents\menuObject.ts
FN:80,(anonymous_0)
FN:118,(anonymous_1)
FNF:2
FNH:0
FNDA:0,(anonymous_0)
FNDA:0,(anonymous_1)
DA:62,0
DA:81,0
DA:82,0
DA:83,0
DA:84,0
DA:85,0
DA:86,0
DA:87,0
DA:88,0
DA:89,0
DA:90,0
DA:91,0
DA:92,0
DA:93,0
DA:94,0
DA:95,0
DA:96,0
DA:97,0
DA:101,0
DA:119,0
DA:120,0
DA:121,0
DA:122,0
DA:123,0
DA:124,0
DA:125,0
DA:126,0
DA:127,0
DA:128,0
DA:129,0
DA:130,0
DA:131,0
DA:132,0
DA:133,0
DA:134,0
LF:35
LH:0
BRF:0
BRH:0
end_of_record
